[0.886s] Invoking command in '/home/dfec/master_src/capstone': PYTHONPATH=/home/dfec/master_src/build/capstone/prefix_override:/usr/lib/python3/dist-packages/colcon_core/task/python/colcon_distutils_commands:/home/dfec/master_src/install/capstone/lib/python3.10/site-packages:${PYTHONPATH} /usr/bin/python3 -W ignore:setup.py install is deprecated -W ignore:easy_install command is deprecated setup.py egg_info --egg-base ../build/capstone build --build-base /home/dfec/master_src/build/capstone/build install --record /home/dfec/master_src/build/capstone/install.log --single-version-externally-managed install_data
[1.026s] /home/dfec/.local/lib/python3.10/site-packages/setuptools/_distutils/dist.py:289: UserWarning: Unknown distribution option: 'tests_require'
[1.026s]   warnings.warn(msg)
[1.104s] running egg_info
[1.116s] writing ../build/capstone/capstone.egg-info/PKG-INFO
[1.116s] writing dependency_links to ../build/capstone/capstone.egg-info/dependency_links.txt
[1.117s] writing entry points to ../build/capstone/capstone.egg-info/entry_points.txt
[1.117s] writing requirements to ../build/capstone/capstone.egg-info/requires.txt
[1.117s] writing top-level names to ../build/capstone/capstone.egg-info/top_level.txt
[1.159s] reading manifest file '../build/capstone/capstone.egg-info/SOURCES.txt'
[1.159s] adding license file 'LICENSE'
[1.160s] writing manifest file '../build/capstone/capstone.egg-info/SOURCES.txt'
[1.160s] running build
[1.161s] running build_py
[1.161s] copying capstone/controller.py -> /home/dfec/master_src/build/capstone/build/lib/capstone
[1.161s] copying capstone/__init__.py -> /home/dfec/master_src/build/capstone/build/lib/capstone
[1.161s] running install
[1.168s] running install_lib
[1.188s] running install_data
[1.188s] copying resource/capstone -> /home/dfec/master_src/install/capstone/share/ament_index/resource_index/packages
[1.188s] copying package.xml -> /home/dfec/master_src/install/capstone/share/capstone
[1.189s] running install_egg_info
[1.210s] removing '/home/dfec/master_src/install/capstone/lib/python3.10/site-packages/capstone-0.0.0-py3.10.egg-info' (and everything under it)
[1.210s] Copying ../build/capstone/capstone.egg-info to /home/dfec/master_src/install/capstone/lib/python3.10/site-packages/capstone-0.0.0-py3.10.egg-info
[1.210s] running install_scripts
[1.252s] Installing controller script to /home/dfec/master_src/install/capstone/lib/capstone
[1.252s] writing list of installed files to '/home/dfec/master_src/build/capstone/install.log'
[1.304s] Invoked command in '/home/dfec/master_src/capstone' returned '0': PYTHONPATH=/home/dfec/master_src/build/capstone/prefix_override:/usr/lib/python3/dist-packages/colcon_core/task/python/colcon_distutils_commands:/home/dfec/master_src/install/capstone/lib/python3.10/site-packages:${PYTHONPATH} /usr/bin/python3 -W ignore:setup.py install is deprecated -W ignore:easy_install command is deprecated setup.py egg_info --egg-base ../build/capstone build --build-base /home/dfec/master_src/build/capstone/build install --record /home/dfec/master_src/build/capstone/install.log --single-version-externally-managed install_data
