/home/dfec/.local/lib/python3.10/site-packages/setuptools/_distutils/dist.py:289: UserWarning: Unknown distribution option: 'tests_require'
  warnings.warn(msg)
running egg_info
creating ../build/comms_interface/comms_interface.egg-info
writing ../build/comms_interface/comms_interface.egg-info/PKG-INFO
writing dependency_links to ../build/comms_interface/comms_interface.egg-info/dependency_links.txt
writing entry points to ../build/comms_interface/comms_interface.egg-info/entry_points.txt
writing requirements to ../build/comms_interface/comms_interface.egg-info/requires.txt
writing top-level names to ../build/comms_interface/comms_interface.egg-info/top_level.txt
writing manifest file '../build/comms_interface/comms_interface.egg-info/SOURCES.txt'
reading manifest file '../build/comms_interface/comms_interface.egg-info/SOURCES.txt'
adding license file 'LICENSE'
writing manifest file '../build/comms_interface/comms_interface.egg-info/SOURCES.txt'
running build
running build_py
creating /home/dfec/master_src/build/comms_interface/build/lib/comms_interface
copying comms_interface/telemetry.py -> /home/dfec/master_src/build/comms_interface/build/lib/comms_interface
copying comms_interface/__init__.py -> /home/dfec/master_src/build/comms_interface/build/lib/comms_interface
copying comms_interface/status.py -> /home/dfec/master_src/build/comms_interface/build/lib/comms_interface
running install
running install_lib
creating /home/dfec/master_src/install/comms_interface/lib/python3.10/site-packages/comms_interface
copying /home/dfec/master_src/build/comms_interface/build/lib/comms_interface/telemetry.py -> /home/dfec/master_src/install/comms_interface/lib/python3.10/site-packages/comms_interface
copying /home/dfec/master_src/build/comms_interface/build/lib/comms_interface/__init__.py -> /home/dfec/master_src/install/comms_interface/lib/python3.10/site-packages/comms_interface
copying /home/dfec/master_src/build/comms_interface/build/lib/comms_interface/status.py -> /home/dfec/master_src/install/comms_interface/lib/python3.10/site-packages/comms_interface
byte-compiling /home/dfec/master_src/install/comms_interface/lib/python3.10/site-packages/comms_interface/telemetry.py to telemetry.cpython-310.pyc
byte-compiling /home/dfec/master_src/install/comms_interface/lib/python3.10/site-packages/comms_interface/__init__.py to __init__.cpython-310.pyc
byte-compiling /home/dfec/master_src/install/comms_interface/lib/python3.10/site-packages/comms_interface/status.py to status.cpython-310.pyc
running install_data
creating /home/dfec/master_src/install/comms_interface/share/ament_index/resource_index/packages
error: can't copy 'resource/comms_interface': doesn't exist or not a regular file
