[0.888s] Invoking command in '/home/dfec/master_src/comms_interface': PYTHONPATH=/home/dfec/master_src/build/comms_interface/prefix_override:/usr/lib/python3/dist-packages/colcon_core/task/python/colcon_distutils_commands:/home/dfec/master_src/install/comms_interface/lib/python3.10/site-packages:${PYTHONPATH} /usr/bin/python3 -W ignore:setup.py install is deprecated -W ignore:easy_install command is deprecated setup.py egg_info --egg-base ../build/comms_interface build --build-base /home/dfec/master_src/build/comms_interface/build install --record /home/dfec/master_src/build/comms_interface/install.log --single-version-externally-managed install_data
[1.086s] /home/dfec/.local/lib/python3.10/site-packages/setuptools/_distutils/dist.py:289: UserWarning: Unknown distribution option: 'tests_require'
[1.086s]   warnings.warn(msg)
[1.208s] running egg_info
[1.230s] creating ../build/comms_interface/comms_interface.egg-info
[1.230s] writing ../build/comms_interface/comms_interface.egg-info/PKG-INFO
[1.232s] writing dependency_links to ../build/comms_interface/comms_interface.egg-info/dependency_links.txt
[1.232s] writing entry points to ../build/comms_interface/comms_interface.egg-info/entry_points.txt
[1.233s] writing requirements to ../build/comms_interface/comms_interface.egg-info/requires.txt
[1.233s] writing top-level names to ../build/comms_interface/comms_interface.egg-info/top_level.txt
[1.233s] writing manifest file '../build/comms_interface/comms_interface.egg-info/SOURCES.txt'
[1.274s] reading manifest file '../build/comms_interface/comms_interface.egg-info/SOURCES.txt'
[1.274s] adding license file 'LICENSE'
[1.276s] writing manifest file '../build/comms_interface/comms_interface.egg-info/SOURCES.txt'
[1.276s] running build
[1.276s] running build_py
[1.277s] creating /home/dfec/master_src/build/comms_interface/build/lib/comms_interface
[1.278s] copying comms_interface/telemetry.py -> /home/dfec/master_src/build/comms_interface/build/lib/comms_interface
[1.278s] copying comms_interface/__init__.py -> /home/dfec/master_src/build/comms_interface/build/lib/comms_interface
[1.278s] copying comms_interface/status.py -> /home/dfec/master_src/build/comms_interface/build/lib/comms_interface
[1.278s] running install
[1.285s] running install_lib
[1.305s] creating /home/dfec/master_src/install/comms_interface/lib/python3.10/site-packages/comms_interface
[1.306s] copying /home/dfec/master_src/build/comms_interface/build/lib/comms_interface/telemetry.py -> /home/dfec/master_src/install/comms_interface/lib/python3.10/site-packages/comms_interface
[1.306s] copying /home/dfec/master_src/build/comms_interface/build/lib/comms_interface/__init__.py -> /home/dfec/master_src/install/comms_interface/lib/python3.10/site-packages/comms_interface
[1.306s] copying /home/dfec/master_src/build/comms_interface/build/lib/comms_interface/status.py -> /home/dfec/master_src/install/comms_interface/lib/python3.10/site-packages/comms_interface
[1.306s] byte-compiling /home/dfec/master_src/install/comms_interface/lib/python3.10/site-packages/comms_interface/telemetry.py to telemetry.cpython-310.pyc
[1.307s] byte-compiling /home/dfec/master_src/install/comms_interface/lib/python3.10/site-packages/comms_interface/__init__.py to __init__.cpython-310.pyc
[1.307s] byte-compiling /home/dfec/master_src/install/comms_interface/lib/python3.10/site-packages/comms_interface/status.py to status.cpython-310.pyc
[1.307s] running install_data
[1.307s] creating /home/dfec/master_src/install/comms_interface/share/ament_index/resource_index/packages
[1.308s] error: can't copy 'resource/comms_interface': doesn't exist or not a regular file
[1.336s] Invoked command in '/home/dfec/master_src/comms_interface' returned '1': PYTHONPATH=/home/dfec/master_src/build/comms_interface/prefix_override:/usr/lib/python3/dist-packages/colcon_core/task/python/colcon_distutils_commands:/home/dfec/master_src/install/comms_interface/lib/python3.10/site-packages:${PYTHONPATH} /usr/bin/python3 -W ignore:setup.py install is deprecated -W ignore:easy_install command is deprecated setup.py egg_info --egg-base ../build/comms_interface build --build-base /home/dfec/master_src/build/comms_interface/build install --record /home/dfec/master_src/build/comms_interface/install.log --single-version-externally-managed install_data
