running egg_info
creating ../build/apriltag/apriltag.egg-info
writing ../build/apriltag/apriltag.egg-info/PKG-INFO
writing dependency_links to ../build/apriltag/apriltag.egg-info/dependency_links.txt
writing entry points to ../build/apriltag/apriltag.egg-info/entry_points.txt
writing requirements to ../build/apriltag/apriltag.egg-info/requires.txt
writing top-level names to ../build/apriltag/apriltag.egg-info/top_level.txt
writing manifest file '../build/apriltag/apriltag.egg-info/SOURCES.txt'
reading manifest file '../build/apriltag/apriltag.egg-info/SOURCES.txt'
adding license file 'LICENSE'
writing manifest file '../build/apriltag/apriltag.egg-info/SOURCES.txt'
running build
running build_py
creating /home/dfec/master_src/build/apriltag/build/lib/apriltag
copying apriltag/image_capture.py -> /home/dfec/master_src/build/apriltag/build/lib/apriltag
copying apriltag/__init__.py -> /home/dfec/master_src/build/apriltag/build/lib/apriltag
copying apriltag/apriltag.py -> /home/dfec/master_src/build/apriltag/build/lib/apriltag
running install
running install_lib
creating /home/dfec/master_src/install/apriltag/lib/python3.10/site-packages/apriltag
copying /home/dfec/master_src/build/apriltag/build/lib/apriltag/image_capture.py -> /home/dfec/master_src/install/apriltag/lib/python3.10/site-packages/apriltag
copying /home/dfec/master_src/build/apriltag/build/lib/apriltag/__init__.py -> /home/dfec/master_src/install/apriltag/lib/python3.10/site-packages/apriltag
copying /home/dfec/master_src/build/apriltag/build/lib/apriltag/apriltag.py -> /home/dfec/master_src/install/apriltag/lib/python3.10/site-packages/apriltag
byte-compiling /home/dfec/master_src/install/apriltag/lib/python3.10/site-packages/apriltag/image_capture.py to image_capture.cpython-310.pyc
byte-compiling /home/dfec/master_src/install/apriltag/lib/python3.10/site-packages/apriltag/__init__.py to __init__.cpython-310.pyc
byte-compiling /home/dfec/master_src/install/apriltag/lib/python3.10/site-packages/apriltag/apriltag.py to apriltag.cpython-310.pyc
running install_data
creating /home/dfec/master_src/install/apriltag/share/ament_index/resource_index/packages
copying resource/apriltag -> /home/dfec/master_src/install/apriltag/share/ament_index/resource_index/packages
copying package.xml -> /home/dfec/master_src/install/apriltag/share/apriltag
creating /home/dfec/master_src/install/apriltag/share/apriltag/config
