/home/dfec/.local/lib/python3.10/site-packages/setuptools/_distutils/dist.py:289: UserWarning: Unknown distribution option: 'tests_require'
  warnings.warn(msg)
running egg_info
creating ../build/move2hover/move2hover.egg-info
writing ../build/move2hover/move2hover.egg-info/PKG-INFO
writing dependency_links to ../build/move2hover/move2hover.egg-info/dependency_links.txt
writing entry points to ../build/move2hover/move2hover.egg-info/entry_points.txt
writing requirements to ../build/move2hover/move2hover.egg-info/requires.txt
writing top-level names to ../build/move2hover/move2hover.egg-info/top_level.txt
writing manifest file '../build/move2hover/move2hover.egg-info/SOURCES.txt'
reading manifest file '../build/move2hover/move2hover.egg-info/SOURCES.txt'
adding license file 'LICENSE'
writing manifest file '../build/move2hover/move2hover.egg-info/SOURCES.txt'
running build
running build_py
creating /home/dfec/master_src/build/move2hover/build/lib/move2hover
copying move2hover/__init__.py -> /home/dfec/master_src/build/move2hover/build/lib/move2hover
copying move2hover/move2hover.py -> /home/dfec/master_src/build/move2hover/build/lib/move2hover
running install
running install_lib
creating /home/dfec/master_src/install/move2hover/lib/python3.10/site-packages/move2hover
copying /home/dfec/master_src/build/move2hover/build/lib/move2hover/__init__.py -> /home/dfec/master_src/install/move2hover/lib/python3.10/site-packages/move2hover
copying /home/dfec/master_src/build/move2hover/build/lib/move2hover/move2hover.py -> /home/dfec/master_src/install/move2hover/lib/python3.10/site-packages/move2hover
byte-compiling /home/dfec/master_src/install/move2hover/lib/python3.10/site-packages/move2hover/__init__.py to __init__.cpython-310.pyc
byte-compiling /home/dfec/master_src/install/move2hover/lib/python3.10/site-packages/move2hover/move2hover.py to move2hover.cpython-310.pyc
running install_data
creating /home/dfec/master_src/install/move2hover/share/ament_index/resource_index/packages
copying resource/move2hover -> /home/dfec/master_src/install/move2hover/share/ament_index/resource_index/packages
creating /home/dfec/master_src/install/move2hover/share/move2hover
copying package.xml -> /home/dfec/master_src/install/move2hover/share/move2hover
running install_egg_info
Copying ../build/move2hover/move2hover.egg-info to /home/dfec/master_src/install/move2hover/lib/python3.10/site-packages/move2hover-0.0.0-py3.10.egg-info
running install_scripts
Installing move2hover script to /home/dfec/master_src/install/move2hover/lib/move2hover
writing list of installed files to '/home/dfec/master_src/build/move2hover/install.log'
