[1.314s] Invoking command in '/home/dfec/master_src/move2hover': PYTHONPATH=/home/dfec/master_src/build/move2hover/prefix_override:/usr/lib/python3/dist-packages/colcon_core/task/python/colcon_distutils_commands:/home/dfec/master_src/install/move2hover/lib/python3.10/site-packages:${PYTHONPATH} /usr/bin/python3 -W ignore:setup.py install is deprecated -W ignore:easy_install command is deprecated setup.py egg_info --egg-base ../build/move2hover build --build-base /home/dfec/master_src/build/move2hover/build install --record /home/dfec/master_src/build/move2hover/install.log --single-version-externally-managed install_data
[1.447s] /home/dfec/.local/lib/python3.10/site-packages/setuptools/_distutils/dist.py:289: UserWarning: Unknown distribution option: 'tests_require'
[1.447s]   warnings.warn(msg)
[1.516s] running egg_info
[1.529s] creating ../build/move2hover/move2hover.egg-info
[1.529s] writing ../build/move2hover/move2hover.egg-info/PKG-INFO
[1.530s] writing dependency_links to ../build/move2hover/move2hover.egg-info/dependency_links.txt
[1.530s] writing entry points to ../build/move2hover/move2hover.egg-info/entry_points.txt
[1.530s] writing requirements to ../build/move2hover/move2hover.egg-info/requires.txt
[1.530s] writing top-level names to ../build/move2hover/move2hover.egg-info/top_level.txt
[1.530s] writing manifest file '../build/move2hover/move2hover.egg-info/SOURCES.txt'
[1.557s] reading manifest file '../build/move2hover/move2hover.egg-info/SOURCES.txt'
[1.557s] adding license file 'LICENSE'
[1.558s] writing manifest file '../build/move2hover/move2hover.egg-info/SOURCES.txt'
[1.558s] running build
[1.558s] running build_py
[1.558s] creating /home/dfec/master_src/build/move2hover/build/lib/move2hover
[1.559s] copying move2hover/__init__.py -> /home/dfec/master_src/build/move2hover/build/lib/move2hover
[1.559s] copying move2hover/move2hover.py -> /home/dfec/master_src/build/move2hover/build/lib/move2hover
[1.559s] running install
[1.562s] running install_lib
[1.574s] creating /home/dfec/master_src/install/move2hover/lib/python3.10/site-packages/move2hover
[1.574s] copying /home/dfec/master_src/build/move2hover/build/lib/move2hover/__init__.py -> /home/dfec/master_src/install/move2hover/lib/python3.10/site-packages/move2hover
[1.575s] copying /home/dfec/master_src/build/move2hover/build/lib/move2hover/move2hover.py -> /home/dfec/master_src/install/move2hover/lib/python3.10/site-packages/move2hover
[1.575s] byte-compiling /home/dfec/master_src/install/move2hover/lib/python3.10/site-packages/move2hover/__init__.py to __init__.cpython-310.pyc
[1.575s] byte-compiling /home/dfec/master_src/install/move2hover/lib/python3.10/site-packages/move2hover/move2hover.py to move2hover.cpython-310.pyc
[1.576s] running install_data
[1.576s] creating /home/dfec/master_src/install/move2hover/share/ament_index/resource_index/packages
[1.576s] copying resource/move2hover -> /home/dfec/master_src/install/move2hover/share/ament_index/resource_index/packages
[1.576s] creating /home/dfec/master_src/install/move2hover/share/move2hover
[1.576s] copying package.xml -> /home/dfec/master_src/install/move2hover/share/move2hover
[1.576s] running install_egg_info
[1.589s] Copying ../build/move2hover/move2hover.egg-info to /home/dfec/master_src/install/move2hover/lib/python3.10/site-packages/move2hover-0.0.0-py3.10.egg-info
[1.589s] running install_scripts
[1.615s] Installing move2hover script to /home/dfec/master_src/install/move2hover/lib/move2hover
[1.615s] writing list of installed files to '/home/dfec/master_src/build/move2hover/install.log'
