running egg_info
creating ../build/drone_interface/drone_interface.egg-info
writing ../build/drone_interface/drone_interface.egg-info/PKG-INFO
writing dependency_links to ../build/drone_interface/drone_interface.egg-info/dependency_links.txt
writing entry points to ../build/drone_interface/drone_interface.egg-info/entry_points.txt
writing requirements to ../build/drone_interface/drone_interface.egg-info/requires.txt
writing top-level names to ../build/drone_interface/drone_interface.egg-info/top_level.txt
writing manifest file '../build/drone_interface/drone_interface.egg-info/SOURCES.txt'
reading manifest file '../build/drone_interface/drone_interface.egg-info/SOURCES.txt'
adding license file 'LICENSE'
writing manifest file '../build/drone_interface/drone_interface.egg-info/SOURCES.txt'
running build
running build_py
creating /home/dfec/master_src/build/drone_interface/build/lib/drone_interface
copying drone_interface/__init__.py -> /home/dfec/master_src/build/drone_interface/build/lib/drone_interface
running install
running install_lib
creating /home/dfec/master_src/install/drone_interface/lib/python3.10/site-packages/drone_interface
copying /home/dfec/master_src/build/drone_interface/build/lib/drone_interface/__init__.py -> /home/dfec/master_src/install/drone_interface/lib/python3.10/site-packages/drone_interface
byte-compiling /home/dfec/master_src/install/drone_interface/lib/python3.10/site-packages/drone_interface/__init__.py to __init__.cpython-310.pyc
running install_data
creating /home/dfec/master_src/install/drone_interface/share/ament_index/resource_index/packages
