[0.083s] DEBUG:colcon:Command line arguments: ['/usr/bin/colcon', 'build', '--packages-select', 'capstone']
[0.083s] DEBUG:colcon:Parsed command line arguments: Namespace(log_base=None, log_level=None, verb_name='build', build_base='build', install_base='install', merge_install=False, symlink_install=False, test_result_base=None, continue_on_error=False, executor='parallel', parallel_workers=8, event_handlers=None, ignore_user_meta=False, metas=['./colcon.meta'], base_paths=['.'], packages_ignore=None, packages_ignore_regex=None, paths=None, packages_up_to=None, packages_up_to_regex=None, packages_above=None, packages_above_and_dependencies=None, packages_above_depth=None, packages_select_by_dep=None, packages_skip_by_dep=None, packages_skip_up_to=None, packages_select_build_failed=False, packages_skip_build_finished=False, packages_select_test_failures=False, packages_skip_test_passed=False, packages_select=['capstone'], packages_skip=None, packages_select_regex=None, packages_skip_regex=None, packages_start=None, packages_end=None, allow_overriding=[], cmake_args=None, cmake_target=None, cmake_target_skip_unavailable=False, cmake_clean_cache=False, cmake_clean_first=False, cmake_force_configure=False, ament_cmake_args=None, catkin_cmake_args=None, catkin_skip_building_tests=False, mixin_files=None, mixin=None, verb_parser=<colcon_mixin.mixin.mixin_argument.MixinArgumentDecorator object at 0x79a41665eb60>, verb_extension=<colcon_core.verb.build.BuildVerb object at 0x79a41665dcf0>, main=<bound method BuildVerb.main of <colcon_core.verb.build.BuildVerb object at 0x79a41665dcf0>>, mixin_verb=('build',))
[0.114s] Level 1:colcon.colcon_core.package_discovery:discover_packages(colcon_meta) check parameters
[0.114s] Level 1:colcon.colcon_core.package_discovery:discover_packages(recursive) check parameters
[0.114s] Level 1:colcon.colcon_core.package_discovery:discover_packages(ignore) check parameters
[0.114s] Level 1:colcon.colcon_core.package_discovery:discover_packages(path) check parameters
[0.114s] Level 1:colcon.colcon_core.package_discovery:discover_packages(colcon_meta) discover
[0.114s] Level 1:colcon.colcon_core.package_discovery:discover_packages(recursive) discover
[0.114s] INFO:colcon.colcon_core.package_discovery:Crawling recursively for packages in '/home/dfec/master_src'
[0.114s] Level 1:colcon.colcon_core.package_identification:_identify(.) by extensions ['ignore', 'ignore_ament_install']
[0.114s] Level 1:colcon.colcon_core.package_identification:_identify(.) by extension 'ignore'
[0.114s] Level 1:colcon.colcon_core.package_identification:_identify(.) by extension 'ignore_ament_install'
[0.114s] Level 1:colcon.colcon_core.package_identification:_identify(.) by extensions ['colcon_pkg']
[0.114s] Level 1:colcon.colcon_core.package_identification:_identify(.) by extension 'colcon_pkg'
[0.115s] Level 1:colcon.colcon_core.package_identification:_identify(.) by extensions ['colcon_meta']
[0.115s] Level 1:colcon.colcon_core.package_identification:_identify(.) by extension 'colcon_meta'
[0.115s] Level 1:colcon.colcon_core.package_identification:_identify(.) by extensions ['ros']
[0.115s] Level 1:colcon.colcon_core.package_identification:_identify(.) by extension 'ros'
[0.136s] Level 1:colcon.colcon_core.package_identification:_identify(.) by extensions ['cmake', 'python']
[0.136s] Level 1:colcon.colcon_core.package_identification:_identify(.) by extension 'cmake'
[0.136s] Level 1:colcon.colcon_core.package_identification:_identify(.) by extension 'python'
[0.136s] Level 1:colcon.colcon_core.package_identification:_identify(.) by extensions ['python_setup_py']
[0.136s] Level 1:colcon.colcon_core.package_identification:_identify(.) by extension 'python_setup_py'
[0.136s] Level 1:colcon.colcon_core.package_identification:_identify(apriltag) by extensions ['ignore', 'ignore_ament_install']
[0.137s] Level 1:colcon.colcon_core.package_identification:_identify(apriltag) by extension 'ignore'
[0.137s] Level 1:colcon.colcon_core.package_identification:_identify(apriltag) by extension 'ignore_ament_install'
[0.137s] Level 1:colcon.colcon_core.package_identification:_identify(apriltag) by extensions ['colcon_pkg']
[0.137s] Level 1:colcon.colcon_core.package_identification:_identify(apriltag) by extension 'colcon_pkg'
[0.137s] Level 1:colcon.colcon_core.package_identification:_identify(apriltag) by extensions ['colcon_meta']
[0.137s] Level 1:colcon.colcon_core.package_identification:_identify(apriltag) by extension 'colcon_meta'
[0.137s] Level 1:colcon.colcon_core.package_identification:_identify(apriltag) by extensions ['ros']
[0.137s] Level 1:colcon.colcon_core.package_identification:_identify(apriltag) by extension 'ros'
[0.139s] DEBUG:colcon.colcon_core.package_identification:Package 'apriltag' with type 'ros.ament_python' and name 'apriltag'
[0.139s] Level 1:colcon.colcon_core.package_identification:_identify(build) by extensions ['ignore', 'ignore_ament_install']
[0.139s] Level 1:colcon.colcon_core.package_identification:_identify(build) by extension 'ignore'
[0.139s] Level 1:colcon.colcon_core.package_identification:_identify(build) ignored
[0.139s] Level 1:colcon.colcon_core.package_identification:_identify(capstone) by extensions ['ignore', 'ignore_ament_install']
[0.139s] Level 1:colcon.colcon_core.package_identification:_identify(capstone) by extension 'ignore'
[0.139s] Level 1:colcon.colcon_core.package_identification:_identify(capstone) by extension 'ignore_ament_install'
[0.139s] Level 1:colcon.colcon_core.package_identification:_identify(capstone) by extensions ['colcon_pkg']
[0.139s] Level 1:colcon.colcon_core.package_identification:_identify(capstone) by extension 'colcon_pkg'
[0.139s] Level 1:colcon.colcon_core.package_identification:_identify(capstone) by extensions ['colcon_meta']
[0.139s] Level 1:colcon.colcon_core.package_identification:_identify(capstone) by extension 'colcon_meta'
[0.139s] Level 1:colcon.colcon_core.package_identification:_identify(capstone) by extensions ['ros']
[0.139s] Level 1:colcon.colcon_core.package_identification:_identify(capstone) by extension 'ros'
[0.140s] DEBUG:colcon.colcon_core.package_identification:Failed to parse potential ROS package manifest in'capstone': Error(s) in package 'capstone/package.xml':
The manifest contains invalid XML:
no element found: line 1, column 0
[0.140s] Level 1:colcon.colcon_core.package_identification:_identify(capstone) by extensions ['cmake', 'python']
[0.140s] Level 1:colcon.colcon_core.package_identification:_identify(capstone) by extension 'cmake'
[0.140s] Level 1:colcon.colcon_core.package_identification:_identify(capstone) by extension 'python'
[0.140s] DEBUG:colcon.colcon_core.package_identification:Python package in 'capstone' passes arguments to the setup() function which requires a different identification extension than 'python'
[0.140s] Level 1:colcon.colcon_core.package_identification:_identify(capstone) by extensions ['python_setup_py']
[0.140s] Level 1:colcon.colcon_core.package_identification:_identify(capstone) by extension 'python_setup_py'
[0.293s] DEBUG:colcon.colcon_core.package_identification:Package 'capstone' with type 'python' and name 'capstone'
[0.293s] Level 1:colcon.colcon_core.package_identification:_identify(comms_interface) by extensions ['ignore', 'ignore_ament_install']
[0.293s] Level 1:colcon.colcon_core.package_identification:_identify(comms_interface) by extension 'ignore'
[0.293s] Level 1:colcon.colcon_core.package_identification:_identify(comms_interface) by extension 'ignore_ament_install'
[0.293s] Level 1:colcon.colcon_core.package_identification:_identify(comms_interface) by extensions ['colcon_pkg']
[0.293s] Level 1:colcon.colcon_core.package_identification:_identify(comms_interface) by extension 'colcon_pkg'
[0.293s] Level 1:colcon.colcon_core.package_identification:_identify(comms_interface) by extensions ['colcon_meta']
[0.293s] Level 1:colcon.colcon_core.package_identification:_identify(comms_interface) by extension 'colcon_meta'
[0.293s] Level 1:colcon.colcon_core.package_identification:_identify(comms_interface) by extensions ['ros']
[0.293s] Level 1:colcon.colcon_core.package_identification:_identify(comms_interface) by extension 'ros'
[0.294s] DEBUG:colcon.colcon_core.package_identification:Failed to parse potential ROS package manifest in'comms_interface': Error(s) in package 'comms_interface/package.xml':
The manifest contains invalid XML:
no element found: line 1, column 0
[0.294s] Level 1:colcon.colcon_core.package_identification:_identify(comms_interface) by extensions ['cmake', 'python']
[0.294s] Level 1:colcon.colcon_core.package_identification:_identify(comms_interface) by extension 'cmake'
[0.294s] Level 1:colcon.colcon_core.package_identification:_identify(comms_interface) by extension 'python'
[0.294s] DEBUG:colcon.colcon_core.package_identification:Python package in 'comms_interface' passes arguments to the setup() function which requires a different identification extension than 'python'
[0.294s] Level 1:colcon.colcon_core.package_identification:_identify(comms_interface) by extensions ['python_setup_py']
[0.294s] Level 1:colcon.colcon_core.package_identification:_identify(comms_interface) by extension 'python_setup_py'
[0.447s] DEBUG:colcon.colcon_core.package_identification:Package 'comms_interface' with type 'python' and name 'comms_interface'
[0.447s] Level 1:colcon.colcon_core.package_identification:_identify(drone_interface) by extensions ['ignore', 'ignore_ament_install']
[0.447s] Level 1:colcon.colcon_core.package_identification:_identify(drone_interface) by extension 'ignore'
[0.447s] Level 1:colcon.colcon_core.package_identification:_identify(drone_interface) by extension 'ignore_ament_install'
[0.447s] Level 1:colcon.colcon_core.package_identification:_identify(drone_interface) by extensions ['colcon_pkg']
[0.447s] Level 1:colcon.colcon_core.package_identification:_identify(drone_interface) by extension 'colcon_pkg'
[0.447s] Level 1:colcon.colcon_core.package_identification:_identify(drone_interface) by extensions ['colcon_meta']
[0.447s] Level 1:colcon.colcon_core.package_identification:_identify(drone_interface) by extension 'colcon_meta'
[0.447s] Level 1:colcon.colcon_core.package_identification:_identify(drone_interface) by extensions ['ros']
[0.447s] Level 1:colcon.colcon_core.package_identification:_identify(drone_interface) by extension 'ros'
[0.447s] DEBUG:colcon.colcon_core.package_identification:Failed to parse potential ROS package manifest in'drone_interface': Error(s) in package 'drone_interface/package.xml':
The manifest contains invalid XML:
no element found: line 1, column 0
[0.447s] Level 1:colcon.colcon_core.package_identification:_identify(drone_interface) by extensions ['cmake', 'python']
[0.447s] Level 1:colcon.colcon_core.package_identification:_identify(drone_interface) by extension 'cmake'
[0.447s] Level 1:colcon.colcon_core.package_identification:_identify(drone_interface) by extension 'python'
[0.447s] Level 1:colcon.colcon_core.package_identification:_identify(drone_interface) by extensions ['python_setup_py']
[0.447s] Level 1:colcon.colcon_core.package_identification:_identify(drone_interface) by extension 'python_setup_py'
[0.600s] DEBUG:colcon.colcon_core.package_identification:Package 'drone_interface' with type 'python' and name 'drone_interface'
[0.600s] Level 1:colcon.colcon_core.package_identification:_identify(install) by extensions ['ignore', 'ignore_ament_install']
[0.600s] Level 1:colcon.colcon_core.package_identification:_identify(install) by extension 'ignore'
[0.600s] Level 1:colcon.colcon_core.package_identification:_identify(install) ignored
[0.600s] Level 1:colcon.colcon_core.package_identification:_identify(log) by extensions ['ignore', 'ignore_ament_install']
[0.600s] Level 1:colcon.colcon_core.package_identification:_identify(log) by extension 'ignore'
[0.600s] Level 1:colcon.colcon_core.package_identification:_identify(log) ignored
[0.600s] Level 1:colcon.colcon_core.package_identification:_identify(move2hover) by extensions ['ignore', 'ignore_ament_install']
[0.600s] Level 1:colcon.colcon_core.package_identification:_identify(move2hover) by extension 'ignore'
[0.600s] Level 1:colcon.colcon_core.package_identification:_identify(move2hover) by extension 'ignore_ament_install'
[0.600s] Level 1:colcon.colcon_core.package_identification:_identify(move2hover) by extensions ['colcon_pkg']
[0.600s] Level 1:colcon.colcon_core.package_identification:_identify(move2hover) by extension 'colcon_pkg'
[0.600s] Level 1:colcon.colcon_core.package_identification:_identify(move2hover) by extensions ['colcon_meta']
[0.600s] Level 1:colcon.colcon_core.package_identification:_identify(move2hover) by extension 'colcon_meta'
[0.600s] Level 1:colcon.colcon_core.package_identification:_identify(move2hover) by extensions ['ros']
[0.600s] Level 1:colcon.colcon_core.package_identification:_identify(move2hover) by extension 'ros'
[0.600s] DEBUG:colcon.colcon_core.package_identification:Failed to parse potential ROS package manifest in'move2hover': Error(s) in package 'move2hover/package.xml':
The manifest contains invalid XML:
no element found: line 1, column 0
[0.601s] Level 1:colcon.colcon_core.package_identification:_identify(move2hover) by extensions ['cmake', 'python']
[0.601s] Level 1:colcon.colcon_core.package_identification:_identify(move2hover) by extension 'cmake'
[0.601s] Level 1:colcon.colcon_core.package_identification:_identify(move2hover) by extension 'python'
[0.601s] DEBUG:colcon.colcon_core.package_identification:Python package in 'move2hover' passes arguments to the setup() function which requires a different identification extension than 'python'
[0.601s] Level 1:colcon.colcon_core.package_identification:_identify(move2hover) by extensions ['python_setup_py']
[0.601s] Level 1:colcon.colcon_core.package_identification:_identify(move2hover) by extension 'python_setup_py'
[0.751s] DEBUG:colcon.colcon_core.package_identification:Package 'move2hover' with type 'python' and name 'move2hover'
[0.752s] Level 1:colcon.colcon_core.package_discovery:discover_packages(recursive) using defaults
[0.752s] Level 1:colcon.colcon_core.package_discovery:discover_packages(ignore) discover
[0.752s] Level 1:colcon.colcon_core.package_discovery:discover_packages(ignore) using defaults
[0.752s] Level 1:colcon.colcon_core.package_discovery:discover_packages(path) discover
[0.752s] Level 1:colcon.colcon_core.package_discovery:discover_packages(path) using defaults
[0.767s] INFO:colcon.colcon_core.package_selection:Skipping not selected package 'apriltag' in 'apriltag'
[0.767s] INFO:colcon.colcon_core.package_selection:Skipping not selected package 'comms_interface' in 'comms_interface'
[0.767s] INFO:colcon.colcon_core.package_selection:Skipping not selected package 'drone_interface' in 'drone_interface'
[0.767s] INFO:colcon.colcon_core.package_selection:Skipping not selected package 'move2hover' in 'move2hover'
[0.767s] Level 1:colcon.colcon_core.package_discovery:discover_packages(prefix_path) check parameters
[0.767s] Level 1:colcon.colcon_core.package_discovery:discover_packages(prefix_path) discover
[0.768s] DEBUG:colcon.colcon_installed_package_information.package_discovery:Found 4 installed packages in /home/dfec/ros2_ws/install
[0.769s] DEBUG:colcon.colcon_installed_package_information.package_discovery:Found 286 installed packages in /opt/ros/humble
[0.770s] Level 1:colcon.colcon_core.package_discovery:discover_packages(prefix_path) using defaults
[0.796s] Level 5:colcon.colcon_core.verb:set package 'capstone' build argument 'cmake_args' from command line to 'None'
[0.796s] Level 5:colcon.colcon_core.verb:set package 'capstone' build argument 'cmake_target' from command line to 'None'
[0.796s] Level 5:colcon.colcon_core.verb:set package 'capstone' build argument 'cmake_target_skip_unavailable' from command line to 'False'
[0.796s] Level 5:colcon.colcon_core.verb:set package 'capstone' build argument 'cmake_clean_cache' from command line to 'False'
[0.796s] Level 5:colcon.colcon_core.verb:set package 'capstone' build argument 'cmake_clean_first' from command line to 'False'
[0.796s] Level 5:colcon.colcon_core.verb:set package 'capstone' build argument 'cmake_force_configure' from command line to 'False'
[0.796s] Level 5:colcon.colcon_core.verb:set package 'capstone' build argument 'ament_cmake_args' from command line to 'None'
[0.796s] Level 5:colcon.colcon_core.verb:set package 'capstone' build argument 'catkin_cmake_args' from command line to 'None'
[0.796s] Level 5:colcon.colcon_core.verb:set package 'capstone' build argument 'catkin_skip_building_tests' from command line to 'False'
[0.796s] DEBUG:colcon.colcon_core.verb:Building package 'capstone' with the following arguments: {'ament_cmake_args': None, 'build_base': '/home/dfec/master_src/build/capstone', 'catkin_cmake_args': None, 'catkin_skip_building_tests': False, 'cmake_args': None, 'cmake_clean_cache': False, 'cmake_clean_first': False, 'cmake_force_configure': False, 'cmake_target': None, 'cmake_target_skip_unavailable': False, 'install_base': '/home/dfec/master_src/install/capstone', 'merge_install': False, 'path': '/home/dfec/master_src/capstone', 'symlink_install': False, 'test_result_base': None}
[0.796s] INFO:colcon.colcon_core.executor:Executing jobs using 'parallel' executor
[0.797s] DEBUG:colcon.colcon_parallel_executor.executor.parallel:run_until_complete
[0.797s] INFO:colcon.colcon_core.task.python.build:Building Python package in '/home/dfec/master_src/capstone'
[0.799s] INFO:colcon.colcon_core.plugin_system:Skipping extension 'colcon_core.shell.bat': Not used on non-Windows systems
[0.799s] INFO:colcon.colcon_core.shell:Skip shell extension 'powershell' for command environment: Not usable outside of PowerShell
[0.800s] DEBUG:colcon.colcon_core.shell:Skip shell extension 'dsv' for command environment
[1.297s] DEBUG:colcon.colcon_core.event_handler.log_command:Invoking command in '/home/dfec/master_src/capstone': PYTHONPATH=/home/dfec/master_src/build/capstone/prefix_override:/usr/lib/python3/dist-packages/colcon_core/task/python/colcon_distutils_commands:/home/dfec/master_src/install/capstone/lib/python3.10/site-packages:${PYTHONPATH} /usr/bin/python3 -W ignore:setup.py install is deprecated -W ignore:easy_install command is deprecated setup.py egg_info --egg-base ../build/capstone build --build-base /home/dfec/master_src/build/capstone/build install --record /home/dfec/master_src/build/capstone/install.log --single-version-externally-managed install_data
[1.648s] DEBUG:colcon.colcon_core.event_handler.log_command:Invoked command in '/home/dfec/master_src/capstone' returned '0': PYTHONPATH=/home/dfec/master_src/build/capstone/prefix_override:/usr/lib/python3/dist-packages/colcon_core/task/python/colcon_distutils_commands:/home/dfec/master_src/install/capstone/lib/python3.10/site-packages:${PYTHONPATH} /usr/bin/python3 -W ignore:setup.py install is deprecated -W ignore:easy_install command is deprecated setup.py egg_info --egg-base ../build/capstone build --build-base /home/dfec/master_src/build/capstone/build install --record /home/dfec/master_src/build/capstone/install.log --single-version-externally-managed install_data
[1.650s] Level 1:colcon.colcon_core.environment:checking '/home/dfec/master_src/install/capstone' for CMake module files
[1.650s] Level 1:colcon.colcon_core.environment:checking '/home/dfec/master_src/install/capstone' for CMake config files
[1.651s] Level 1:colcon.colcon_core.environment:checking '/home/dfec/master_src/install/capstone/lib'
[1.651s] Level 1:colcon.colcon_core.environment:checking '/home/dfec/master_src/install/capstone/bin'
[1.651s] Level 1:colcon.colcon_core.environment:checking '/home/dfec/master_src/install/capstone/lib/pkgconfig/capstone.pc'
[1.651s] Level 1:colcon.colcon_core.environment:checking '/home/dfec/master_src/install/capstone/lib/python3.10/site-packages'
[1.651s] Level 1:colcon.colcon_core.shell:create_environment_hook('capstone', 'pythonpath')
[1.651s] INFO:colcon.colcon_core.shell:Creating environment hook '/home/dfec/master_src/install/capstone/share/capstone/hook/pythonpath.ps1'
[1.652s] INFO:colcon.colcon_core.shell:Creating environment descriptor '/home/dfec/master_src/install/capstone/share/capstone/hook/pythonpath.dsv'
[1.652s] INFO:colcon.colcon_core.shell:Creating environment hook '/home/dfec/master_src/install/capstone/share/capstone/hook/pythonpath.sh'
[1.653s] Level 1:colcon.colcon_core.environment:checking '/home/dfec/master_src/install/capstone/bin'
[1.653s] Level 1:colcon.colcon_core.environment:create_environment_scripts_only(capstone)
[1.653s] INFO:colcon.colcon_core.shell:Creating package script '/home/dfec/master_src/install/capstone/share/capstone/package.ps1'
[1.654s] INFO:colcon.colcon_core.shell:Creating package descriptor '/home/dfec/master_src/install/capstone/share/capstone/package.dsv'
[1.654s] INFO:colcon.colcon_core.shell:Creating package script '/home/dfec/master_src/install/capstone/share/capstone/package.sh'
[1.654s] INFO:colcon.colcon_core.shell:Creating package script '/home/dfec/master_src/install/capstone/share/capstone/package.bash'
[1.655s] INFO:colcon.colcon_core.shell:Creating package script '/home/dfec/master_src/install/capstone/share/capstone/package.zsh'
[1.655s] Level 1:colcon.colcon_core.environment:create_file_with_runtime_dependencies(/home/dfec/master_src/install/capstone/share/colcon-core/packages/capstone)
[1.655s] DEBUG:colcon.colcon_parallel_executor.executor.parallel:closing loop
[1.656s] DEBUG:colcon.colcon_parallel_executor.executor.parallel:loop closed
[1.656s] DEBUG:colcon.colcon_parallel_executor.executor.parallel:run_until_complete finished with '0'
[1.656s] DEBUG:colcon.colcon_core.event_reactor:joining thread
[1.659s] INFO:colcon.colcon_core.plugin_system:Skipping extension 'colcon_notification.desktop_notification.terminal_notifier': Not used on non-Darwin systems
[1.659s] INFO:colcon.colcon_core.plugin_system:Skipping extension 'colcon_notification.desktop_notification.win32': Not used on non-Windows systems
[1.659s] INFO:colcon.colcon_notification.desktop_notification:Sending desktop notification using 'notify2'
[1.667s] DEBUG:colcon.colcon_core.event_reactor:joined thread
[1.667s] INFO:colcon.colcon_core.shell:Creating prefix script '/home/dfec/master_src/install/local_setup.ps1'
[1.668s] INFO:colcon.colcon_core.shell:Creating prefix util module '/home/dfec/master_src/install/_local_setup_util_ps1.py'
[1.670s] INFO:colcon.colcon_core.shell:Creating prefix chain script '/home/dfec/master_src/install/setup.ps1'
[1.670s] INFO:colcon.colcon_core.shell:Creating prefix script '/home/dfec/master_src/install/local_setup.sh'
[1.671s] INFO:colcon.colcon_core.shell:Creating prefix util module '/home/dfec/master_src/install/_local_setup_util_sh.py'
[1.671s] INFO:colcon.colcon_core.shell:Creating prefix chain script '/home/dfec/master_src/install/setup.sh'
[1.672s] INFO:colcon.colcon_core.shell:Creating prefix script '/home/dfec/master_src/install/local_setup.bash'
[1.673s] INFO:colcon.colcon_core.shell:Creating prefix chain script '/home/dfec/master_src/install/setup.bash'
[1.673s] INFO:colcon.colcon_core.shell:Creating prefix script '/home/dfec/master_src/install/local_setup.zsh'
[1.674s] INFO:colcon.colcon_core.shell:Creating prefix chain script '/home/dfec/master_src/install/setup.zsh'
