[0.086s] DEBUG:colcon:Command line arguments: ['/usr/bin/colcon', 'build', '--packages-select', 'capstone']
[0.086s] DEBUG:colcon:Parsed command line arguments: Namespace(log_base=None, log_level=None, verb_name='build', build_base='build', install_base='install', merge_install=False, symlink_install=False, test_result_base=None, continue_on_error=False, executor='parallel', parallel_workers=8, event_handlers=None, ignore_user_meta=False, metas=['./colcon.meta'], base_paths=['.'], packages_ignore=None, packages_ignore_regex=None, paths=None, packages_up_to=None, packages_up_to_regex=None, packages_above=None, packages_above_and_dependencies=None, packages_above_depth=None, packages_select_by_dep=None, packages_skip_by_dep=None, packages_skip_up_to=None, packages_select_build_failed=False, packages_skip_build_finished=False, packages_select_test_failures=False, packages_skip_test_passed=False, packages_select=['capstone'], packages_skip=None, packages_select_regex=None, packages_skip_regex=None, packages_start=None, packages_end=None, allow_overriding=[], cmake_args=None, cmake_target=None, cmake_target_skip_unavailable=False, cmake_clean_cache=False, cmake_clean_first=False, cmake_force_configure=False, ament_cmake_args=None, catkin_cmake_args=None, catkin_skip_building_tests=False, mixin_files=None, mixin=None, verb_parser=<colcon_mixin.mixin.mixin_argument.MixinArgumentDecorator object at 0x7a0a5b562bf0>, verb_extension=<colcon_core.verb.build.BuildVerb object at 0x7a0a5b561d80>, main=<bound method BuildVerb.main of <colcon_core.verb.build.BuildVerb object at 0x7a0a5b561d80>>, mixin_verb=('build',))
[0.115s] Level 1:colcon.colcon_core.package_discovery:discover_packages(colcon_meta) check parameters
[0.115s] Level 1:colcon.colcon_core.package_discovery:discover_packages(recursive) check parameters
[0.115s] Level 1:colcon.colcon_core.package_discovery:discover_packages(ignore) check parameters
[0.115s] Level 1:colcon.colcon_core.package_discovery:discover_packages(path) check parameters
[0.116s] Level 1:colcon.colcon_core.package_discovery:discover_packages(colcon_meta) discover
[0.116s] Level 1:colcon.colcon_core.package_discovery:discover_packages(recursive) discover
[0.116s] INFO:colcon.colcon_core.package_discovery:Crawling recursively for packages in '/home/dfec/master_src'
[0.116s] Level 1:colcon.colcon_core.package_identification:_identify(.) by extensions ['ignore', 'ignore_ament_install']
[0.116s] Level 1:colcon.colcon_core.package_identification:_identify(.) by extension 'ignore'
[0.116s] Level 1:colcon.colcon_core.package_identification:_identify(.) by extension 'ignore_ament_install'
[0.116s] Level 1:colcon.colcon_core.package_identification:_identify(.) by extensions ['colcon_pkg']
[0.116s] Level 1:colcon.colcon_core.package_identification:_identify(.) by extension 'colcon_pkg'
[0.116s] Level 1:colcon.colcon_core.package_identification:_identify(.) by extensions ['colcon_meta']
[0.116s] Level 1:colcon.colcon_core.package_identification:_identify(.) by extension 'colcon_meta'
[0.116s] Level 1:colcon.colcon_core.package_identification:_identify(.) by extensions ['ros']
[0.116s] Level 1:colcon.colcon_core.package_identification:_identify(.) by extension 'ros'
[0.127s] Level 1:colcon.colcon_core.package_identification:_identify(.) by extensions ['cmake', 'python']
[0.127s] Level 1:colcon.colcon_core.package_identification:_identify(.) by extension 'cmake'
[0.127s] Level 1:colcon.colcon_core.package_identification:_identify(.) by extension 'python'
[0.127s] Level 1:colcon.colcon_core.package_identification:_identify(.) by extensions ['python_setup_py']
[0.127s] Level 1:colcon.colcon_core.package_identification:_identify(.) by extension 'python_setup_py'
[0.128s] Level 1:colcon.colcon_core.package_identification:_identify(apriltag) by extensions ['ignore', 'ignore_ament_install']
[0.128s] Level 1:colcon.colcon_core.package_identification:_identify(apriltag) by extension 'ignore'
[0.128s] Level 1:colcon.colcon_core.package_identification:_identify(apriltag) by extension 'ignore_ament_install'
[0.128s] Level 1:colcon.colcon_core.package_identification:_identify(apriltag) by extensions ['colcon_pkg']
[0.128s] Level 1:colcon.colcon_core.package_identification:_identify(apriltag) by extension 'colcon_pkg'
[0.128s] Level 1:colcon.colcon_core.package_identification:_identify(apriltag) by extensions ['colcon_meta']
[0.128s] Level 1:colcon.colcon_core.package_identification:_identify(apriltag) by extension 'colcon_meta'
[0.128s] Level 1:colcon.colcon_core.package_identification:_identify(apriltag) by extensions ['ros']
[0.128s] Level 1:colcon.colcon_core.package_identification:_identify(apriltag) by extension 'ros'
[0.130s] DEBUG:colcon.colcon_core.package_identification:Package 'apriltag' with type 'ros.ament_python' and name 'apriltag'
[0.130s] Level 1:colcon.colcon_core.package_identification:_identify(build) by extensions ['ignore', 'ignore_ament_install']
[0.130s] Level 1:colcon.colcon_core.package_identification:_identify(build) by extension 'ignore'
[0.130s] Level 1:colcon.colcon_core.package_identification:_identify(build) ignored
[0.130s] Level 1:colcon.colcon_core.package_identification:_identify(capstone) by extensions ['ignore', 'ignore_ament_install']
[0.130s] Level 1:colcon.colcon_core.package_identification:_identify(capstone) by extension 'ignore'
[0.130s] Level 1:colcon.colcon_core.package_identification:_identify(capstone) by extension 'ignore_ament_install'
[0.130s] Level 1:colcon.colcon_core.package_identification:_identify(capstone) by extensions ['colcon_pkg']
[0.130s] Level 1:colcon.colcon_core.package_identification:_identify(capstone) by extension 'colcon_pkg'
[0.130s] Level 1:colcon.colcon_core.package_identification:_identify(capstone) by extensions ['colcon_meta']
[0.130s] Level 1:colcon.colcon_core.package_identification:_identify(capstone) by extension 'colcon_meta'
[0.130s] Level 1:colcon.colcon_core.package_identification:_identify(capstone) by extensions ['ros']
[0.130s] Level 1:colcon.colcon_core.package_identification:_identify(capstone) by extension 'ros'
[0.130s] DEBUG:colcon.colcon_core.package_identification:Failed to parse potential ROS package manifest in'capstone': Error(s) in package 'capstone/package.xml':
The manifest contains invalid XML:
no element found: line 1, column 0
[0.130s] Level 1:colcon.colcon_core.package_identification:_identify(capstone) by extensions ['cmake', 'python']
[0.131s] Level 1:colcon.colcon_core.package_identification:_identify(capstone) by extension 'cmake'
[0.131s] Level 1:colcon.colcon_core.package_identification:_identify(capstone) by extension 'python'
[0.131s] DEBUG:colcon.colcon_core.package_identification:Python package in 'capstone' passes arguments to the setup() function which requires a different identification extension than 'python'
[0.131s] Level 1:colcon.colcon_core.package_identification:_identify(capstone) by extensions ['python_setup_py']
[0.131s] Level 1:colcon.colcon_core.package_identification:_identify(capstone) by extension 'python_setup_py'
[0.284s] DEBUG:colcon.colcon_core.package_identification:Package 'capstone' with type 'python' and name 'capstone'
[0.285s] Level 1:colcon.colcon_core.package_identification:_identify(comms_interface) by extensions ['ignore', 'ignore_ament_install']
[0.285s] Level 1:colcon.colcon_core.package_identification:_identify(comms_interface) by extension 'ignore'
[0.285s] Level 1:colcon.colcon_core.package_identification:_identify(comms_interface) by extension 'ignore_ament_install'
[0.285s] Level 1:colcon.colcon_core.package_identification:_identify(comms_interface) by extensions ['colcon_pkg']
[0.285s] Level 1:colcon.colcon_core.package_identification:_identify(comms_interface) by extension 'colcon_pkg'
[0.285s] Level 1:colcon.colcon_core.package_identification:_identify(comms_interface) by extensions ['colcon_meta']
[0.285s] Level 1:colcon.colcon_core.package_identification:_identify(comms_interface) by extension 'colcon_meta'
[0.285s] Level 1:colcon.colcon_core.package_identification:_identify(comms_interface) by extensions ['ros']
[0.285s] Level 1:colcon.colcon_core.package_identification:_identify(comms_interface) by extension 'ros'
[0.285s] DEBUG:colcon.colcon_core.package_identification:Failed to parse potential ROS package manifest in'comms_interface': Error(s) in package 'comms_interface/package.xml':
The manifest contains invalid XML:
no element found: line 1, column 0
[0.285s] Level 1:colcon.colcon_core.package_identification:_identify(comms_interface) by extensions ['cmake', 'python']
[0.285s] Level 1:colcon.colcon_core.package_identification:_identify(comms_interface) by extension 'cmake'
[0.285s] Level 1:colcon.colcon_core.package_identification:_identify(comms_interface) by extension 'python'
[0.285s] DEBUG:colcon.colcon_core.package_identification:Python package in 'comms_interface' passes arguments to the setup() function which requires a different identification extension than 'python'
[0.285s] Level 1:colcon.colcon_core.package_identification:_identify(comms_interface) by extensions ['python_setup_py']
[0.286s] Level 1:colcon.colcon_core.package_identification:_identify(comms_interface) by extension 'python_setup_py'
[0.434s] DEBUG:colcon.colcon_core.package_identification:Package 'comms_interface' with type 'python' and name 'comms_interface'
[0.435s] Level 1:colcon.colcon_core.package_identification:_identify(drone_interface) by extensions ['ignore', 'ignore_ament_install']
[0.435s] Level 1:colcon.colcon_core.package_identification:_identify(drone_interface) by extension 'ignore'
[0.435s] Level 1:colcon.colcon_core.package_identification:_identify(drone_interface) by extension 'ignore_ament_install'
[0.435s] Level 1:colcon.colcon_core.package_identification:_identify(drone_interface) by extensions ['colcon_pkg']
[0.435s] Level 1:colcon.colcon_core.package_identification:_identify(drone_interface) by extension 'colcon_pkg'
[0.435s] Level 1:colcon.colcon_core.package_identification:_identify(drone_interface) by extensions ['colcon_meta']
[0.435s] Level 1:colcon.colcon_core.package_identification:_identify(drone_interface) by extension 'colcon_meta'
[0.435s] Level 1:colcon.colcon_core.package_identification:_identify(drone_interface) by extensions ['ros']
[0.435s] Level 1:colcon.colcon_core.package_identification:_identify(drone_interface) by extension 'ros'
[0.435s] DEBUG:colcon.colcon_core.package_identification:Failed to parse potential ROS package manifest in'drone_interface': Error(s) in package 'drone_interface/package.xml':
The manifest contains invalid XML:
no element found: line 1, column 0
[0.435s] Level 1:colcon.colcon_core.package_identification:_identify(drone_interface) by extensions ['cmake', 'python']
[0.435s] Level 1:colcon.colcon_core.package_identification:_identify(drone_interface) by extension 'cmake'
[0.435s] Level 1:colcon.colcon_core.package_identification:_identify(drone_interface) by extension 'python'
[0.435s] Level 1:colcon.colcon_core.package_identification:_identify(drone_interface) by extensions ['python_setup_py']
[0.436s] Level 1:colcon.colcon_core.package_identification:_identify(drone_interface) by extension 'python_setup_py'
[0.592s] DEBUG:colcon.colcon_core.package_identification:Package 'drone_interface' with type 'python' and name 'drone_interface'
[0.592s] Level 1:colcon.colcon_core.package_identification:_identify(install) by extensions ['ignore', 'ignore_ament_install']
[0.592s] Level 1:colcon.colcon_core.package_identification:_identify(install) by extension 'ignore'
[0.592s] Level 1:colcon.colcon_core.package_identification:_identify(install) ignored
[0.592s] Level 1:colcon.colcon_core.package_identification:_identify(log) by extensions ['ignore', 'ignore_ament_install']
[0.592s] Level 1:colcon.colcon_core.package_identification:_identify(log) by extension 'ignore'
[0.592s] Level 1:colcon.colcon_core.package_identification:_identify(log) ignored
[0.592s] Level 1:colcon.colcon_core.package_identification:_identify(move2hover) by extensions ['ignore', 'ignore_ament_install']
[0.592s] Level 1:colcon.colcon_core.package_identification:_identify(move2hover) by extension 'ignore'
[0.592s] Level 1:colcon.colcon_core.package_identification:_identify(move2hover) by extension 'ignore_ament_install'
[0.593s] Level 1:colcon.colcon_core.package_identification:_identify(move2hover) by extensions ['colcon_pkg']
[0.593s] Level 1:colcon.colcon_core.package_identification:_identify(move2hover) by extension 'colcon_pkg'
[0.593s] Level 1:colcon.colcon_core.package_identification:_identify(move2hover) by extensions ['colcon_meta']
[0.593s] Level 1:colcon.colcon_core.package_identification:_identify(move2hover) by extension 'colcon_meta'
[0.593s] Level 1:colcon.colcon_core.package_identification:_identify(move2hover) by extensions ['ros']
[0.593s] Level 1:colcon.colcon_core.package_identification:_identify(move2hover) by extension 'ros'
[0.593s] DEBUG:colcon.colcon_core.package_identification:Failed to parse potential ROS package manifest in'move2hover': Error(s) in package 'move2hover/package.xml':
The manifest contains invalid XML:
no element found: line 1, column 0
[0.593s] Level 1:colcon.colcon_core.package_identification:_identify(move2hover) by extensions ['cmake', 'python']
[0.593s] Level 1:colcon.colcon_core.package_identification:_identify(move2hover) by extension 'cmake'
[0.593s] Level 1:colcon.colcon_core.package_identification:_identify(move2hover) by extension 'python'
[0.593s] DEBUG:colcon.colcon_core.package_identification:Python package in 'move2hover' passes arguments to the setup() function which requires a different identification extension than 'python'
[0.593s] Level 1:colcon.colcon_core.package_identification:_identify(move2hover) by extensions ['python_setup_py']
[0.593s] Level 1:colcon.colcon_core.package_identification:_identify(move2hover) by extension 'python_setup_py'
[0.787s] DEBUG:colcon.colcon_core.package_identification:Package 'move2hover' with type 'python' and name 'move2hover'
[0.787s] Level 1:colcon.colcon_core.package_discovery:discover_packages(recursive) using defaults
[0.787s] Level 1:colcon.colcon_core.package_discovery:discover_packages(ignore) discover
[0.787s] Level 1:colcon.colcon_core.package_discovery:discover_packages(ignore) using defaults
[0.787s] Level 1:colcon.colcon_core.package_discovery:discover_packages(path) discover
[0.787s] Level 1:colcon.colcon_core.package_discovery:discover_packages(path) using defaults
[0.804s] INFO:colcon.colcon_core.package_selection:Skipping not selected package 'apriltag' in 'apriltag'
[0.804s] INFO:colcon.colcon_core.package_selection:Skipping not selected package 'comms_interface' in 'comms_interface'
[0.804s] INFO:colcon.colcon_core.package_selection:Skipping not selected package 'drone_interface' in 'drone_interface'
[0.804s] INFO:colcon.colcon_core.package_selection:Skipping not selected package 'move2hover' in 'move2hover'
[0.805s] Level 1:colcon.colcon_core.package_discovery:discover_packages(prefix_path) check parameters
[0.805s] Level 1:colcon.colcon_core.package_discovery:discover_packages(prefix_path) discover
[0.806s] DEBUG:colcon.colcon_installed_package_information.package_discovery:Found 4 installed packages in /home/dfec/ros2_ws/install
[0.807s] DEBUG:colcon.colcon_installed_package_information.package_discovery:Found 286 installed packages in /opt/ros/humble
[0.808s] Level 1:colcon.colcon_core.package_discovery:discover_packages(prefix_path) using defaults
[0.836s] Level 5:colcon.colcon_core.verb:set package 'capstone' build argument 'cmake_args' from command line to 'None'
[0.837s] Level 5:colcon.colcon_core.verb:set package 'capstone' build argument 'cmake_target' from command line to 'None'
[0.837s] Level 5:colcon.colcon_core.verb:set package 'capstone' build argument 'cmake_target_skip_unavailable' from command line to 'False'
[0.837s] Level 5:colcon.colcon_core.verb:set package 'capstone' build argument 'cmake_clean_cache' from command line to 'False'
[0.837s] Level 5:colcon.colcon_core.verb:set package 'capstone' build argument 'cmake_clean_first' from command line to 'False'
[0.837s] Level 5:colcon.colcon_core.verb:set package 'capstone' build argument 'cmake_force_configure' from command line to 'False'
[0.837s] Level 5:colcon.colcon_core.verb:set package 'capstone' build argument 'ament_cmake_args' from command line to 'None'
[0.837s] Level 5:colcon.colcon_core.verb:set package 'capstone' build argument 'catkin_cmake_args' from command line to 'None'
[0.837s] Level 5:colcon.colcon_core.verb:set package 'capstone' build argument 'catkin_skip_building_tests' from command line to 'False'
[0.837s] DEBUG:colcon.colcon_core.verb:Building package 'capstone' with the following arguments: {'ament_cmake_args': None, 'build_base': '/home/dfec/master_src/build/capstone', 'catkin_cmake_args': None, 'catkin_skip_building_tests': False, 'cmake_args': None, 'cmake_clean_cache': False, 'cmake_clean_first': False, 'cmake_force_configure': False, 'cmake_target': None, 'cmake_target_skip_unavailable': False, 'install_base': '/home/dfec/master_src/install/capstone', 'merge_install': False, 'path': '/home/dfec/master_src/capstone', 'symlink_install': False, 'test_result_base': None}
[0.837s] INFO:colcon.colcon_core.executor:Executing jobs using 'parallel' executor
[0.838s] DEBUG:colcon.colcon_parallel_executor.executor.parallel:run_until_complete
[0.838s] INFO:colcon.colcon_core.task.python.build:Building Python package in '/home/dfec/master_src/capstone'
[0.839s] INFO:colcon.colcon_core.plugin_system:Skipping extension 'colcon_core.shell.bat': Not used on non-Windows systems
[0.839s] INFO:colcon.colcon_core.shell:Skip shell extension 'powershell' for command environment: Not usable outside of PowerShell
[0.839s] DEBUG:colcon.colcon_core.shell:Skip shell extension 'dsv' for command environment
[1.357s] DEBUG:colcon.colcon_core.event_handler.log_command:Invoking command in '/home/dfec/master_src/build/capstone': PYTHONPATH=/home/dfec/master_src/build/capstone/prefix_override:/usr/lib/python3/dist-packages/colcon_core/task/python/colcon_distutils_commands:/home/dfec/master_src/install/capstone/lib/python3.10/site-packages:${PYTHONPATH} /usr/bin/python3 -W ignore:setup.py install is deprecated -W ignore:easy_install command is deprecated setup.py develop --uninstall --editable --build-directory /home/dfec/master_src/build/capstone/build
[1.525s] DEBUG:colcon.colcon_core.event_handler.log_command:Invoked command in '/home/dfec/master_src/build/capstone' returned '1': PYTHONPATH=/home/dfec/master_src/build/capstone/prefix_override:/usr/lib/python3/dist-packages/colcon_core/task/python/colcon_distutils_commands:/home/dfec/master_src/install/capstone/lib/python3.10/site-packages:${PYTHONPATH} /usr/bin/python3 -W ignore:setup.py install is deprecated -W ignore:easy_install command is deprecated setup.py develop --uninstall --editable --build-directory /home/dfec/master_src/build/capstone/build
[1.535s] DEBUG:colcon.colcon_parallel_executor.executor.parallel:closing loop
[1.536s] DEBUG:colcon.colcon_parallel_executor.executor.parallel:loop closed
[1.536s] DEBUG:colcon.colcon_parallel_executor.executor.parallel:run_until_complete finished with '1'
[1.536s] DEBUG:colcon.colcon_core.event_reactor:joining thread
[1.539s] INFO:colcon.colcon_core.plugin_system:Skipping extension 'colcon_notification.desktop_notification.terminal_notifier': Not used on non-Darwin systems
[1.540s] INFO:colcon.colcon_core.plugin_system:Skipping extension 'colcon_notification.desktop_notification.win32': Not used on non-Windows systems
[1.540s] INFO:colcon.colcon_notification.desktop_notification:Sending desktop notification using 'notify2'
[1.547s] DEBUG:colcon.colcon_core.event_reactor:joined thread
[1.547s] INFO:colcon.colcon_core.shell:Creating prefix script '/home/dfec/master_src/install/local_setup.ps1'
[1.548s] INFO:colcon.colcon_core.shell:Creating prefix util module '/home/dfec/master_src/install/_local_setup_util_ps1.py'
[1.549s] INFO:colcon.colcon_core.shell:Creating prefix chain script '/home/dfec/master_src/install/setup.ps1'
[1.550s] INFO:colcon.colcon_core.shell:Creating prefix script '/home/dfec/master_src/install/local_setup.sh'
[1.550s] INFO:colcon.colcon_core.shell:Creating prefix util module '/home/dfec/master_src/install/_local_setup_util_sh.py'
[1.551s] INFO:colcon.colcon_core.shell:Creating prefix chain script '/home/dfec/master_src/install/setup.sh'
[1.552s] INFO:colcon.colcon_core.shell:Creating prefix script '/home/dfec/master_src/install/local_setup.bash'
[1.553s] INFO:colcon.colcon_core.shell:Creating prefix chain script '/home/dfec/master_src/install/setup.bash'
[1.553s] INFO:colcon.colcon_core.shell:Creating prefix script '/home/dfec/master_src/install/local_setup.zsh'
[1.554s] INFO:colcon.colcon_core.shell:Creating prefix chain script '/home/dfec/master_src/install/setup.zsh'
