[0.085s] DEBUG:colcon:Command line arguments: ['/usr/bin/colcon', 'build']
[0.085s] DEBUG:colcon:Parsed command line arguments: Namespace(log_base=None, log_level=None, verb_name='build', build_base='build', install_base='install', merge_install=False, symlink_install=False, test_result_base=None, continue_on_error=False, executor='parallel', parallel_workers=8, event_handlers=None, ignore_user_meta=False, metas=['./colcon.meta'], base_paths=['.'], packages_ignore=None, packages_ignore_regex=None, paths=None, packages_up_to=None, packages_up_to_regex=None, packages_above=None, packages_above_and_dependencies=None, packages_above_depth=None, packages_select_by_dep=None, packages_skip_by_dep=None, packages_skip_up_to=None, packages_select_build_failed=False, packages_skip_build_finished=False, packages_select_test_failures=False, packages_skip_test_passed=False, packages_select=None, packages_skip=None, packages_select_regex=None, packages_skip_regex=None, packages_start=None, packages_end=None, allow_overriding=[], cmake_args=None, cmake_target=None, cmake_target_skip_unavailable=False, cmake_clean_cache=False, cmake_clean_first=False, cmake_force_configure=False, ament_cmake_args=None, catkin_cmake_args=None, catkin_skip_building_tests=False, mixin_files=None, mixin=None, verb_parser=<colcon_mixin.mixin.mixin_argument.MixinArgumentDecorator object at 0x755e75a42da0>, verb_extension=<colcon_core.verb.build.BuildVerb object at 0x755e75a41f30>, main=<bound method BuildVerb.main of <colcon_core.verb.build.BuildVerb object at 0x755e75a41f30>>, mixin_verb=('build',))
[0.116s] Level 1:colcon.colcon_core.package_discovery:discover_packages(colcon_meta) check parameters
[0.116s] Level 1:colcon.colcon_core.package_discovery:discover_packages(recursive) check parameters
[0.116s] Level 1:colcon.colcon_core.package_discovery:discover_packages(ignore) check parameters
[0.116s] Level 1:colcon.colcon_core.package_discovery:discover_packages(path) check parameters
[0.116s] Level 1:colcon.colcon_core.package_discovery:discover_packages(colcon_meta) discover
[0.116s] Level 1:colcon.colcon_core.package_discovery:discover_packages(recursive) discover
[0.116s] INFO:colcon.colcon_core.package_discovery:Crawling recursively for packages in '/home/dfec/master_src'
[0.116s] Level 1:colcon.colcon_core.package_identification:_identify(.) by extensions ['ignore', 'ignore_ament_install']
[0.116s] Level 1:colcon.colcon_core.package_identification:_identify(.) by extension 'ignore'
[0.116s] Level 1:colcon.colcon_core.package_identification:_identify(.) by extension 'ignore_ament_install'
[0.116s] Level 1:colcon.colcon_core.package_identification:_identify(.) by extensions ['colcon_pkg']
[0.116s] Level 1:colcon.colcon_core.package_identification:_identify(.) by extension 'colcon_pkg'
[0.116s] Level 1:colcon.colcon_core.package_identification:_identify(.) by extensions ['colcon_meta']
[0.116s] Level 1:colcon.colcon_core.package_identification:_identify(.) by extension 'colcon_meta'
[0.116s] Level 1:colcon.colcon_core.package_identification:_identify(.) by extensions ['ros']
[0.116s] Level 1:colcon.colcon_core.package_identification:_identify(.) by extension 'ros'
[0.128s] Level 1:colcon.colcon_core.package_identification:_identify(.) by extensions ['cmake', 'python']
[0.128s] Level 1:colcon.colcon_core.package_identification:_identify(.) by extension 'cmake'
[0.128s] Level 1:colcon.colcon_core.package_identification:_identify(.) by extension 'python'
[0.128s] Level 1:colcon.colcon_core.package_identification:_identify(.) by extensions ['python_setup_py']
[0.128s] Level 1:colcon.colcon_core.package_identification:_identify(.) by extension 'python_setup_py'
[0.128s] Level 1:colcon.colcon_core.package_identification:_identify(apriltag) by extensions ['ignore', 'ignore_ament_install']
[0.128s] Level 1:colcon.colcon_core.package_identification:_identify(apriltag) by extension 'ignore'
[0.128s] Level 1:colcon.colcon_core.package_identification:_identify(apriltag) by extension 'ignore_ament_install'
[0.128s] Level 1:colcon.colcon_core.package_identification:_identify(apriltag) by extensions ['colcon_pkg']
[0.128s] Level 1:colcon.colcon_core.package_identification:_identify(apriltag) by extension 'colcon_pkg'
[0.128s] Level 1:colcon.colcon_core.package_identification:_identify(apriltag) by extensions ['colcon_meta']
[0.128s] Level 1:colcon.colcon_core.package_identification:_identify(apriltag) by extension 'colcon_meta'
[0.128s] Level 1:colcon.colcon_core.package_identification:_identify(apriltag) by extensions ['ros']
[0.129s] Level 1:colcon.colcon_core.package_identification:_identify(apriltag) by extension 'ros'
[0.130s] DEBUG:colcon.colcon_core.package_identification:Package 'apriltag' with type 'ros.ament_python' and name 'apriltag'
[0.131s] Level 1:colcon.colcon_core.package_identification:_identify(build) by extensions ['ignore', 'ignore_ament_install']
[0.131s] Level 1:colcon.colcon_core.package_identification:_identify(build) by extension 'ignore'
[0.131s] Level 1:colcon.colcon_core.package_identification:_identify(build) ignored
[0.131s] Level 1:colcon.colcon_core.package_identification:_identify(capstone) by extensions ['ignore', 'ignore_ament_install']
[0.131s] Level 1:colcon.colcon_core.package_identification:_identify(capstone) by extension 'ignore'
[0.131s] Level 1:colcon.colcon_core.package_identification:_identify(capstone) by extension 'ignore_ament_install'
[0.131s] Level 1:colcon.colcon_core.package_identification:_identify(capstone) by extensions ['colcon_pkg']
[0.131s] Level 1:colcon.colcon_core.package_identification:_identify(capstone) by extension 'colcon_pkg'
[0.131s] Level 1:colcon.colcon_core.package_identification:_identify(capstone) by extensions ['colcon_meta']
[0.131s] Level 1:colcon.colcon_core.package_identification:_identify(capstone) by extension 'colcon_meta'
[0.131s] Level 1:colcon.colcon_core.package_identification:_identify(capstone) by extensions ['ros']
[0.131s] Level 1:colcon.colcon_core.package_identification:_identify(capstone) by extension 'ros'
[0.131s] DEBUG:colcon.colcon_core.package_identification:Failed to parse potential ROS package manifest in'capstone': Error(s) in package 'capstone/package.xml':
The manifest contains invalid XML:
no element found: line 1, column 0
[0.131s] Level 1:colcon.colcon_core.package_identification:_identify(capstone) by extensions ['cmake', 'python']
[0.131s] Level 1:colcon.colcon_core.package_identification:_identify(capstone) by extension 'cmake'
[0.131s] Level 1:colcon.colcon_core.package_identification:_identify(capstone) by extension 'python'
[0.131s] DEBUG:colcon.colcon_core.package_identification:Python package in 'capstone' passes arguments to the setup() function which requires a different identification extension than 'python'
[0.131s] Level 1:colcon.colcon_core.package_identification:_identify(capstone) by extensions ['python_setup_py']
[0.131s] Level 1:colcon.colcon_core.package_identification:_identify(capstone) by extension 'python_setup_py'
[0.292s] DEBUG:colcon.colcon_core.package_identification:Package 'capstone' with type 'python' and name 'capstone'
[0.292s] Level 1:colcon.colcon_core.package_identification:_identify(comms_interface) by extensions ['ignore', 'ignore_ament_install']
[0.292s] Level 1:colcon.colcon_core.package_identification:_identify(comms_interface) by extension 'ignore'
[0.292s] Level 1:colcon.colcon_core.package_identification:_identify(comms_interface) by extension 'ignore_ament_install'
[0.292s] Level 1:colcon.colcon_core.package_identification:_identify(comms_interface) by extensions ['colcon_pkg']
[0.292s] Level 1:colcon.colcon_core.package_identification:_identify(comms_interface) by extension 'colcon_pkg'
[0.292s] Level 1:colcon.colcon_core.package_identification:_identify(comms_interface) by extensions ['colcon_meta']
[0.292s] Level 1:colcon.colcon_core.package_identification:_identify(comms_interface) by extension 'colcon_meta'
[0.292s] Level 1:colcon.colcon_core.package_identification:_identify(comms_interface) by extensions ['ros']
[0.292s] Level 1:colcon.colcon_core.package_identification:_identify(comms_interface) by extension 'ros'
[0.293s] DEBUG:colcon.colcon_core.package_identification:Failed to parse potential ROS package manifest in'comms_interface': Error(s) in package 'comms_interface/package.xml':
The manifest contains invalid XML:
no element found: line 1, column 0
[0.293s] Level 1:colcon.colcon_core.package_identification:_identify(comms_interface) by extensions ['cmake', 'python']
[0.293s] Level 1:colcon.colcon_core.package_identification:_identify(comms_interface) by extension 'cmake'
[0.293s] Level 1:colcon.colcon_core.package_identification:_identify(comms_interface) by extension 'python'
[0.293s] DEBUG:colcon.colcon_core.package_identification:Python package in 'comms_interface' passes arguments to the setup() function which requires a different identification extension than 'python'
[0.293s] Level 1:colcon.colcon_core.package_identification:_identify(comms_interface) by extensions ['python_setup_py']
[0.293s] Level 1:colcon.colcon_core.package_identification:_identify(comms_interface) by extension 'python_setup_py'
[0.447s] DEBUG:colcon.colcon_core.package_identification:Package 'comms_interface' with type 'python' and name 'comms_interface'
[0.447s] Level 1:colcon.colcon_core.package_identification:_identify(drone_interface) by extensions ['ignore', 'ignore_ament_install']
[0.447s] Level 1:colcon.colcon_core.package_identification:_identify(drone_interface) by extension 'ignore'
[0.447s] Level 1:colcon.colcon_core.package_identification:_identify(drone_interface) by extension 'ignore_ament_install'
[0.447s] Level 1:colcon.colcon_core.package_identification:_identify(drone_interface) by extensions ['colcon_pkg']
[0.447s] Level 1:colcon.colcon_core.package_identification:_identify(drone_interface) by extension 'colcon_pkg'
[0.447s] Level 1:colcon.colcon_core.package_identification:_identify(drone_interface) by extensions ['colcon_meta']
[0.447s] Level 1:colcon.colcon_core.package_identification:_identify(drone_interface) by extension 'colcon_meta'
[0.447s] Level 1:colcon.colcon_core.package_identification:_identify(drone_interface) by extensions ['ros']
[0.447s] Level 1:colcon.colcon_core.package_identification:_identify(drone_interface) by extension 'ros'
[0.447s] DEBUG:colcon.colcon_core.package_identification:Failed to parse potential ROS package manifest in'drone_interface': Error(s) in package 'drone_interface/package.xml':
The manifest contains invalid XML:
no element found: line 1, column 0
[0.447s] Level 1:colcon.colcon_core.package_identification:_identify(drone_interface) by extensions ['cmake', 'python']
[0.447s] Level 1:colcon.colcon_core.package_identification:_identify(drone_interface) by extension 'cmake'
[0.447s] Level 1:colcon.colcon_core.package_identification:_identify(drone_interface) by extension 'python'
[0.447s] Level 1:colcon.colcon_core.package_identification:_identify(drone_interface) by extensions ['python_setup_py']
[0.447s] Level 1:colcon.colcon_core.package_identification:_identify(drone_interface) by extension 'python_setup_py'
[0.598s] DEBUG:colcon.colcon_core.package_identification:Package 'drone_interface' with type 'python' and name 'drone_interface'
[0.599s] Level 1:colcon.colcon_core.package_identification:_identify(install) by extensions ['ignore', 'ignore_ament_install']
[0.599s] Level 1:colcon.colcon_core.package_identification:_identify(install) by extension 'ignore'
[0.599s] Level 1:colcon.colcon_core.package_identification:_identify(install) ignored
[0.599s] Level 1:colcon.colcon_core.package_identification:_identify(log) by extensions ['ignore', 'ignore_ament_install']
[0.599s] Level 1:colcon.colcon_core.package_identification:_identify(log) by extension 'ignore'
[0.599s] Level 1:colcon.colcon_core.package_identification:_identify(log) ignored
[0.599s] Level 1:colcon.colcon_core.package_identification:_identify(move2hover) by extensions ['ignore', 'ignore_ament_install']
[0.599s] Level 1:colcon.colcon_core.package_identification:_identify(move2hover) by extension 'ignore'
[0.599s] Level 1:colcon.colcon_core.package_identification:_identify(move2hover) by extension 'ignore_ament_install'
[0.599s] Level 1:colcon.colcon_core.package_identification:_identify(move2hover) by extensions ['colcon_pkg']
[0.599s] Level 1:colcon.colcon_core.package_identification:_identify(move2hover) by extension 'colcon_pkg'
[0.599s] Level 1:colcon.colcon_core.package_identification:_identify(move2hover) by extensions ['colcon_meta']
[0.599s] Level 1:colcon.colcon_core.package_identification:_identify(move2hover) by extension 'colcon_meta'
[0.599s] Level 1:colcon.colcon_core.package_identification:_identify(move2hover) by extensions ['ros']
[0.599s] Level 1:colcon.colcon_core.package_identification:_identify(move2hover) by extension 'ros'
[0.600s] DEBUG:colcon.colcon_core.package_identification:Failed to parse potential ROS package manifest in'move2hover': Error(s) in package 'move2hover/package.xml':
The manifest contains invalid XML:
no element found: line 1, column 0
[0.600s] Level 1:colcon.colcon_core.package_identification:_identify(move2hover) by extensions ['cmake', 'python']
[0.600s] Level 1:colcon.colcon_core.package_identification:_identify(move2hover) by extension 'cmake'
[0.600s] Level 1:colcon.colcon_core.package_identification:_identify(move2hover) by extension 'python'
[0.600s] DEBUG:colcon.colcon_core.package_identification:Python package in 'move2hover' passes arguments to the setup() function which requires a different identification extension than 'python'
[0.600s] Level 1:colcon.colcon_core.package_identification:_identify(move2hover) by extensions ['python_setup_py']
[0.600s] Level 1:colcon.colcon_core.package_identification:_identify(move2hover) by extension 'python_setup_py'
[0.763s] DEBUG:colcon.colcon_core.package_identification:Package 'move2hover' with type 'python' and name 'move2hover'
[0.764s] Level 1:colcon.colcon_core.package_discovery:discover_packages(recursive) using defaults
[0.764s] Level 1:colcon.colcon_core.package_discovery:discover_packages(ignore) discover
[0.764s] Level 1:colcon.colcon_core.package_discovery:discover_packages(ignore) using defaults
[0.764s] Level 1:colcon.colcon_core.package_discovery:discover_packages(path) discover
[0.764s] Level 1:colcon.colcon_core.package_discovery:discover_packages(path) using defaults
[0.780s] Level 1:colcon.colcon_core.package_discovery:discover_packages(prefix_path) check parameters
[0.781s] Level 1:colcon.colcon_core.package_discovery:discover_packages(prefix_path) discover
[0.782s] DEBUG:colcon.colcon_installed_package_information.package_discovery:Found 1 installed packages in /home/dfec/master_src/install
[0.782s] DEBUG:colcon.colcon_installed_package_information.package_discovery:Found 4 installed packages in /home/dfec/ros2_ws/install
[0.783s] DEBUG:colcon.colcon_installed_package_information.package_discovery:Found 286 installed packages in /opt/ros/humble
[0.784s] Level 1:colcon.colcon_core.package_discovery:discover_packages(prefix_path) using defaults
[0.813s] Level 5:colcon.colcon_core.verb:set package 'apriltag' build argument 'cmake_args' from command line to 'None'
[0.813s] Level 5:colcon.colcon_core.verb:set package 'apriltag' build argument 'cmake_target' from command line to 'None'
[0.813s] Level 5:colcon.colcon_core.verb:set package 'apriltag' build argument 'cmake_target_skip_unavailable' from command line to 'False'
[0.813s] Level 5:colcon.colcon_core.verb:set package 'apriltag' build argument 'cmake_clean_cache' from command line to 'False'
[0.813s] Level 5:colcon.colcon_core.verb:set package 'apriltag' build argument 'cmake_clean_first' from command line to 'False'
[0.813s] Level 5:colcon.colcon_core.verb:set package 'apriltag' build argument 'cmake_force_configure' from command line to 'False'
[0.813s] Level 5:colcon.colcon_core.verb:set package 'apriltag' build argument 'ament_cmake_args' from command line to 'None'
[0.813s] Level 5:colcon.colcon_core.verb:set package 'apriltag' build argument 'catkin_cmake_args' from command line to 'None'
[0.813s] Level 5:colcon.colcon_core.verb:set package 'apriltag' build argument 'catkin_skip_building_tests' from command line to 'False'
[0.813s] DEBUG:colcon.colcon_core.verb:Building package 'apriltag' with the following arguments: {'ament_cmake_args': None, 'build_base': '/home/dfec/master_src/build/apriltag', 'catkin_cmake_args': None, 'catkin_skip_building_tests': False, 'cmake_args': None, 'cmake_clean_cache': False, 'cmake_clean_first': False, 'cmake_force_configure': False, 'cmake_target': None, 'cmake_target_skip_unavailable': False, 'install_base': '/home/dfec/master_src/install/apriltag', 'merge_install': False, 'path': '/home/dfec/master_src/apriltag', 'symlink_install': False, 'test_result_base': None}
[0.813s] Level 5:colcon.colcon_core.verb:set package 'capstone' build argument 'cmake_args' from command line to 'None'
[0.813s] Level 5:colcon.colcon_core.verb:set package 'capstone' build argument 'cmake_target' from command line to 'None'
[0.813s] Level 5:colcon.colcon_core.verb:set package 'capstone' build argument 'cmake_target_skip_unavailable' from command line to 'False'
[0.813s] Level 5:colcon.colcon_core.verb:set package 'capstone' build argument 'cmake_clean_cache' from command line to 'False'
[0.813s] Level 5:colcon.colcon_core.verb:set package 'capstone' build argument 'cmake_clean_first' from command line to 'False'
[0.813s] Level 5:colcon.colcon_core.verb:set package 'capstone' build argument 'cmake_force_configure' from command line to 'False'
[0.813s] Level 5:colcon.colcon_core.verb:set package 'capstone' build argument 'ament_cmake_args' from command line to 'None'
[0.813s] Level 5:colcon.colcon_core.verb:set package 'capstone' build argument 'catkin_cmake_args' from command line to 'None'
[0.813s] Level 5:colcon.colcon_core.verb:set package 'capstone' build argument 'catkin_skip_building_tests' from command line to 'False'
[0.813s] DEBUG:colcon.colcon_core.verb:Building package 'capstone' with the following arguments: {'ament_cmake_args': None, 'build_base': '/home/dfec/master_src/build/capstone', 'catkin_cmake_args': None, 'catkin_skip_building_tests': False, 'cmake_args': None, 'cmake_clean_cache': False, 'cmake_clean_first': False, 'cmake_force_configure': False, 'cmake_target': None, 'cmake_target_skip_unavailable': False, 'install_base': '/home/dfec/master_src/install/capstone', 'merge_install': False, 'path': '/home/dfec/master_src/capstone', 'symlink_install': False, 'test_result_base': None}
[0.814s] Level 5:colcon.colcon_core.verb:set package 'comms_interface' build argument 'cmake_args' from command line to 'None'
[0.814s] Level 5:colcon.colcon_core.verb:set package 'comms_interface' build argument 'cmake_target' from command line to 'None'
[0.814s] Level 5:colcon.colcon_core.verb:set package 'comms_interface' build argument 'cmake_target_skip_unavailable' from command line to 'False'
[0.814s] Level 5:colcon.colcon_core.verb:set package 'comms_interface' build argument 'cmake_clean_cache' from command line to 'False'
[0.814s] Level 5:colcon.colcon_core.verb:set package 'comms_interface' build argument 'cmake_clean_first' from command line to 'False'
[0.814s] Level 5:colcon.colcon_core.verb:set package 'comms_interface' build argument 'cmake_force_configure' from command line to 'False'
[0.814s] Level 5:colcon.colcon_core.verb:set package 'comms_interface' build argument 'ament_cmake_args' from command line to 'None'
[0.814s] Level 5:colcon.colcon_core.verb:set package 'comms_interface' build argument 'catkin_cmake_args' from command line to 'None'
[0.814s] Level 5:colcon.colcon_core.verb:set package 'comms_interface' build argument 'catkin_skip_building_tests' from command line to 'False'
[0.814s] DEBUG:colcon.colcon_core.verb:Building package 'comms_interface' with the following arguments: {'ament_cmake_args': None, 'build_base': '/home/dfec/master_src/build/comms_interface', 'catkin_cmake_args': None, 'catkin_skip_building_tests': False, 'cmake_args': None, 'cmake_clean_cache': False, 'cmake_clean_first': False, 'cmake_force_configure': False, 'cmake_target': None, 'cmake_target_skip_unavailable': False, 'install_base': '/home/dfec/master_src/install/comms_interface', 'merge_install': False, 'path': '/home/dfec/master_src/comms_interface', 'symlink_install': False, 'test_result_base': None}
[0.814s] Level 5:colcon.colcon_core.verb:set package 'drone_interface' build argument 'cmake_args' from command line to 'None'
[0.814s] Level 5:colcon.colcon_core.verb:set package 'drone_interface' build argument 'cmake_target' from command line to 'None'
[0.814s] Level 5:colcon.colcon_core.verb:set package 'drone_interface' build argument 'cmake_target_skip_unavailable' from command line to 'False'
[0.814s] Level 5:colcon.colcon_core.verb:set package 'drone_interface' build argument 'cmake_clean_cache' from command line to 'False'
[0.814s] Level 5:colcon.colcon_core.verb:set package 'drone_interface' build argument 'cmake_clean_first' from command line to 'False'
[0.814s] Level 5:colcon.colcon_core.verb:set package 'drone_interface' build argument 'cmake_force_configure' from command line to 'False'
[0.814s] Level 5:colcon.colcon_core.verb:set package 'drone_interface' build argument 'ament_cmake_args' from command line to 'None'
[0.814s] Level 5:colcon.colcon_core.verb:set package 'drone_interface' build argument 'catkin_cmake_args' from command line to 'None'
[0.814s] Level 5:colcon.colcon_core.verb:set package 'drone_interface' build argument 'catkin_skip_building_tests' from command line to 'False'
[0.814s] DEBUG:colcon.colcon_core.verb:Building package 'drone_interface' with the following arguments: {'ament_cmake_args': None, 'build_base': '/home/dfec/master_src/build/drone_interface', 'catkin_cmake_args': None, 'catkin_skip_building_tests': False, 'cmake_args': None, 'cmake_clean_cache': False, 'cmake_clean_first': False, 'cmake_force_configure': False, 'cmake_target': None, 'cmake_target_skip_unavailable': False, 'install_base': '/home/dfec/master_src/install/drone_interface', 'merge_install': False, 'path': '/home/dfec/master_src/drone_interface', 'symlink_install': False, 'test_result_base': None}
[0.814s] Level 5:colcon.colcon_core.verb:set package 'move2hover' build argument 'cmake_args' from command line to 'None'
[0.814s] Level 5:colcon.colcon_core.verb:set package 'move2hover' build argument 'cmake_target' from command line to 'None'
[0.814s] Level 5:colcon.colcon_core.verb:set package 'move2hover' build argument 'cmake_target_skip_unavailable' from command line to 'False'
[0.814s] Level 5:colcon.colcon_core.verb:set package 'move2hover' build argument 'cmake_clean_cache' from command line to 'False'
[0.814s] Level 5:colcon.colcon_core.verb:set package 'move2hover' build argument 'cmake_clean_first' from command line to 'False'
[0.814s] Level 5:colcon.colcon_core.verb:set package 'move2hover' build argument 'cmake_force_configure' from command line to 'False'
[0.814s] Level 5:colcon.colcon_core.verb:set package 'move2hover' build argument 'ament_cmake_args' from command line to 'None'
[0.814s] Level 5:colcon.colcon_core.verb:set package 'move2hover' build argument 'catkin_cmake_args' from command line to 'None'
[0.814s] Level 5:colcon.colcon_core.verb:set package 'move2hover' build argument 'catkin_skip_building_tests' from command line to 'False'
[0.814s] DEBUG:colcon.colcon_core.verb:Building package 'move2hover' with the following arguments: {'ament_cmake_args': None, 'build_base': '/home/dfec/master_src/build/move2hover', 'catkin_cmake_args': None, 'catkin_skip_building_tests': False, 'cmake_args': None, 'cmake_clean_cache': False, 'cmake_clean_first': False, 'cmake_force_configure': False, 'cmake_target': None, 'cmake_target_skip_unavailable': False, 'install_base': '/home/dfec/master_src/install/move2hover', 'merge_install': False, 'path': '/home/dfec/master_src/move2hover', 'symlink_install': False, 'test_result_base': None}
[0.815s] INFO:colcon.colcon_core.executor:Executing jobs using 'parallel' executor
[0.815s] DEBUG:colcon.colcon_parallel_executor.executor.parallel:run_until_complete
[0.815s] INFO:colcon.colcon_ros.task.ament_python.build:Building ROS package in '/home/dfec/master_src/apriltag' with build type 'ament_python'
[0.816s] Level 1:colcon.colcon_core.shell:create_environment_hook('apriltag', 'ament_prefix_path')
[0.817s] INFO:colcon.colcon_core.plugin_system:Skipping extension 'colcon_core.shell.bat': Not used on non-Windows systems
[0.817s] INFO:colcon.colcon_core.shell:Creating environment hook '/home/dfec/master_src/install/apriltag/share/apriltag/hook/ament_prefix_path.ps1'
[0.818s] INFO:colcon.colcon_core.shell:Creating environment descriptor '/home/dfec/master_src/install/apriltag/share/apriltag/hook/ament_prefix_path.dsv'
[0.818s] INFO:colcon.colcon_core.shell:Creating environment hook '/home/dfec/master_src/install/apriltag/share/apriltag/hook/ament_prefix_path.sh'
[0.819s] INFO:colcon.colcon_core.shell:Skip shell extension 'powershell' for command environment: Not usable outside of PowerShell
[0.819s] DEBUG:colcon.colcon_core.shell:Skip shell extension 'dsv' for command environment
[0.822s] INFO:colcon.colcon_core.task.python.build:Building Python package in '/home/dfec/master_src/capstone'
[0.822s] INFO:colcon.colcon_core.shell:Skip shell extension 'powershell' for command environment: Not usable outside of PowerShell
[0.822s] DEBUG:colcon.colcon_core.shell:Skip shell extension 'dsv' for command environment
[0.825s] INFO:colcon.colcon_core.task.python.build:Building Python package in '/home/dfec/master_src/comms_interface'
[0.825s] INFO:colcon.colcon_core.shell:Skip shell extension 'powershell' for command environment: Not usable outside of PowerShell
[0.825s] DEBUG:colcon.colcon_core.shell:Skip shell extension 'dsv' for command environment
[0.827s] INFO:colcon.colcon_core.task.python.build:Building Python package in '/home/dfec/master_src/drone_interface'
[0.827s] INFO:colcon.colcon_core.shell:Skip shell extension 'powershell' for command environment: Not usable outside of PowerShell
[0.827s] DEBUG:colcon.colcon_core.shell:Skip shell extension 'dsv' for command environment
[0.830s] INFO:colcon.colcon_core.task.python.build:Building Python package in '/home/dfec/master_src/move2hover'
[0.830s] INFO:colcon.colcon_core.shell:Skip shell extension 'powershell' for command environment: Not usable outside of PowerShell
[0.830s] DEBUG:colcon.colcon_core.shell:Skip shell extension 'dsv' for command environment
[1.009s] INFO:colcon.colcon_core.task.python.build:Building Python package in '/home/dfec/master_src/apriltag'
[1.009s] INFO:colcon.colcon_core.shell:Skip shell extension 'powershell' for command environment: Not usable outside of PowerShell
[1.009s] DEBUG:colcon.colcon_core.shell:Skip shell extension 'dsv' for command environment
[1.709s] DEBUG:colcon.colcon_core.event_handler.log_command:Invoking command in '/home/dfec/master_src/capstone': PYTHONPATH=/home/dfec/master_src/build/capstone/prefix_override:/usr/lib/python3/dist-packages/colcon_core/task/python/colcon_distutils_commands:/home/dfec/master_src/install/capstone/lib/python3.10/site-packages:${PYTHONPATH} /usr/bin/python3 -W ignore:setup.py install is deprecated -W ignore:easy_install command is deprecated setup.py egg_info --egg-base ../build/capstone build --build-base /home/dfec/master_src/build/capstone/build install --record /home/dfec/master_src/build/capstone/install.log --single-version-externally-managed install_data
[1.713s] DEBUG:colcon.colcon_core.event_handler.log_command:Invoking command in '/home/dfec/master_src/comms_interface': PYTHONPATH=/home/dfec/master_src/build/comms_interface/prefix_override:/usr/lib/python3/dist-packages/colcon_core/task/python/colcon_distutils_commands:/home/dfec/master_src/install/comms_interface/lib/python3.10/site-packages:${PYTHONPATH} /usr/bin/python3 -W ignore:setup.py install is deprecated -W ignore:easy_install command is deprecated setup.py egg_info --egg-base ../build/comms_interface build --build-base /home/dfec/master_src/build/comms_interface/build install --record /home/dfec/master_src/build/comms_interface/install.log --single-version-externally-managed install_data
[1.882s] DEBUG:colcon.colcon_core.event_handler.log_command:Invoking command in '/home/dfec/master_src/drone_interface': PYTHONPATH=/home/dfec/master_src/build/drone_interface/prefix_override:/usr/lib/python3/dist-packages/colcon_core/task/python/colcon_distutils_commands:/home/dfec/master_src/install/drone_interface/lib/python3.10/site-packages:${PYTHONPATH} /usr/bin/python3 -W ignore:setup.py install is deprecated -W ignore:easy_install command is deprecated setup.py egg_info --egg-base ../build/drone_interface build --build-base /home/dfec/master_src/build/drone_interface/build install --record /home/dfec/master_src/build/drone_interface/install.log --single-version-externally-managed install_data
[2.127s] DEBUG:colcon.colcon_core.event_handler.log_command:Invoked command in '/home/dfec/master_src/capstone' returned '0': PYTHONPATH=/home/dfec/master_src/build/capstone/prefix_override:/usr/lib/python3/dist-packages/colcon_core/task/python/colcon_distutils_commands:/home/dfec/master_src/install/capstone/lib/python3.10/site-packages:${PYTHONPATH} /usr/bin/python3 -W ignore:setup.py install is deprecated -W ignore:easy_install command is deprecated setup.py egg_info --egg-base ../build/capstone build --build-base /home/dfec/master_src/build/capstone/build install --record /home/dfec/master_src/build/capstone/install.log --single-version-externally-managed install_data
[2.129s] Level 1:colcon.colcon_core.environment:checking '/home/dfec/master_src/install/capstone' for CMake module files
[2.130s] Level 1:colcon.colcon_core.environment:checking '/home/dfec/master_src/install/capstone' for CMake config files
[2.132s] Level 1:colcon.colcon_core.environment:checking '/home/dfec/master_src/install/capstone/lib'
[2.132s] Level 1:colcon.colcon_core.environment:checking '/home/dfec/master_src/install/capstone/bin'
[2.132s] Level 1:colcon.colcon_core.environment:checking '/home/dfec/master_src/install/capstone/lib/pkgconfig/capstone.pc'
[2.133s] Level 1:colcon.colcon_core.environment:checking '/home/dfec/master_src/install/capstone/lib/python3.10/site-packages'
[2.133s] Level 1:colcon.colcon_core.shell:create_environment_hook('capstone', 'pythonpath')
[2.133s] INFO:colcon.colcon_core.shell:Creating environment hook '/home/dfec/master_src/install/capstone/share/capstone/hook/pythonpath.ps1'
[2.134s] INFO:colcon.colcon_core.shell:Creating environment descriptor '/home/dfec/master_src/install/capstone/share/capstone/hook/pythonpath.dsv'
[2.134s] INFO:colcon.colcon_core.shell:Creating environment hook '/home/dfec/master_src/install/capstone/share/capstone/hook/pythonpath.sh'
[2.134s] Level 1:colcon.colcon_core.environment:checking '/home/dfec/master_src/install/capstone/bin'
[2.134s] Level 1:colcon.colcon_core.environment:create_environment_scripts_only(capstone)
[2.135s] INFO:colcon.colcon_core.shell:Creating package script '/home/dfec/master_src/install/capstone/share/capstone/package.ps1'
[2.136s] INFO:colcon.colcon_core.shell:Creating package descriptor '/home/dfec/master_src/install/capstone/share/capstone/package.dsv'
[2.137s] INFO:colcon.colcon_core.shell:Creating package script '/home/dfec/master_src/install/capstone/share/capstone/package.sh'
[2.138s] INFO:colcon.colcon_core.shell:Creating package script '/home/dfec/master_src/install/capstone/share/capstone/package.bash'
[2.139s] INFO:colcon.colcon_core.shell:Creating package script '/home/dfec/master_src/install/capstone/share/capstone/package.zsh'
[2.140s] Level 1:colcon.colcon_core.environment:create_file_with_runtime_dependencies(/home/dfec/master_src/install/capstone/share/colcon-core/packages/capstone)
[2.144s] DEBUG:colcon.colcon_core.event_handler.log_command:Invoking command in '/home/dfec/master_src/apriltag': PYTHONPATH=/home/dfec/master_src/build/apriltag/prefix_override:/usr/lib/python3/dist-packages/colcon_core/task/python/colcon_distutils_commands:/home/dfec/master_src/install/apriltag/lib/python3.10/site-packages:${PYTHONPATH} /usr/bin/python3 -W ignore:setup.py install is deprecated -W ignore:easy_install command is deprecated setup.py egg_info --egg-base ../build/apriltag build --build-base /home/dfec/master_src/build/apriltag/build install --record /home/dfec/master_src/build/apriltag/install.log --single-version-externally-managed install_data
[2.145s] DEBUG:colcon.colcon_core.event_handler.log_command:Invoking command in '/home/dfec/master_src/move2hover': PYTHONPATH=/home/dfec/master_src/build/move2hover/prefix_override:/usr/lib/python3/dist-packages/colcon_core/task/python/colcon_distutils_commands:/home/dfec/master_src/install/move2hover/lib/python3.10/site-packages:${PYTHONPATH} /usr/bin/python3 -W ignore:setup.py install is deprecated -W ignore:easy_install command is deprecated setup.py egg_info --egg-base ../build/move2hover build --build-base /home/dfec/master_src/build/move2hover/build install --record /home/dfec/master_src/build/move2hover/install.log --single-version-externally-managed install_data
[2.161s] DEBUG:colcon.colcon_core.event_handler.log_command:Invoked command in '/home/dfec/master_src/comms_interface' returned '1': PYTHONPATH=/home/dfec/master_src/build/comms_interface/prefix_override:/usr/lib/python3/dist-packages/colcon_core/task/python/colcon_distutils_commands:/home/dfec/master_src/install/comms_interface/lib/python3.10/site-packages:${PYTHONPATH} /usr/bin/python3 -W ignore:setup.py install is deprecated -W ignore:easy_install command is deprecated setup.py egg_info --egg-base ../build/comms_interface build --build-base /home/dfec/master_src/build/comms_interface/build install --record /home/dfec/master_src/build/comms_interface/install.log --single-version-externally-managed install_data
[2.476s] DEBUG:colcon.colcon_parallel_executor.executor.parallel:closing loop
[2.476s] DEBUG:colcon.colcon_parallel_executor.executor.parallel:loop closed
[2.476s] DEBUG:colcon.colcon_parallel_executor.executor.parallel:run_until_complete finished with '1'
[2.477s] DEBUG:colcon.colcon_core.event_reactor:joining thread
[2.481s] INFO:colcon.colcon_core.plugin_system:Skipping extension 'colcon_notification.desktop_notification.terminal_notifier': Not used on non-Darwin systems
[2.481s] INFO:colcon.colcon_core.plugin_system:Skipping extension 'colcon_notification.desktop_notification.win32': Not used on non-Windows systems
[2.481s] INFO:colcon.colcon_notification.desktop_notification:Sending desktop notification using 'notify2'
[2.489s] DEBUG:colcon.colcon_core.event_reactor:joined thread
[2.490s] INFO:colcon.colcon_core.shell:Creating prefix script '/home/dfec/master_src/install/local_setup.ps1'
[2.490s] INFO:colcon.colcon_core.shell:Creating prefix util module '/home/dfec/master_src/install/_local_setup_util_ps1.py'
[2.492s] INFO:colcon.colcon_core.shell:Creating prefix chain script '/home/dfec/master_src/install/setup.ps1'
[2.493s] INFO:colcon.colcon_core.shell:Creating prefix script '/home/dfec/master_src/install/local_setup.sh'
[2.493s] INFO:colcon.colcon_core.shell:Creating prefix util module '/home/dfec/master_src/install/_local_setup_util_sh.py'
[2.494s] INFO:colcon.colcon_core.shell:Creating prefix chain script '/home/dfec/master_src/install/setup.sh'
[2.494s] INFO:colcon.colcon_core.shell:Creating prefix script '/home/dfec/master_src/install/local_setup.bash'
[2.495s] INFO:colcon.colcon_core.shell:Creating prefix chain script '/home/dfec/master_src/install/setup.bash'
[2.496s] INFO:colcon.colcon_core.shell:Creating prefix script '/home/dfec/master_src/install/local_setup.zsh'
[2.496s] INFO:colcon.colcon_core.shell:Creating prefix chain script '/home/dfec/master_src/install/setup.zsh'
